[INFO] Scanning for projects...
[INFO] 
[INFO] Using the builder org.apache.maven.lifecycle.internal.builder.singlethreaded.SingleThreadedBuilder with a thread count of 1
[INFO]                                                                         
[INFO] ------------------------------------------------------------------------
[INFO] Building opensrp-web 0.1-SNAPSHOT
[INFO] ------------------------------------------------------------------------
Downloading: http://repo1.maven.org/maven2/org/opensrp/opensrp-core/0.1-SNAPSHOT/maven-metadata.xml
Downloading: http://maven.springframework.org/milestone/org/opensrp/opensrp-core/0.1-SNAPSHOT/maven-metadata.xml
Downloading: http://maven.springframework.org/release/org/opensrp/opensrp-core/0.1-SNAPSHOT/maven-metadata.xml
Downloading: http://nexus.motechproject.org/content/repositories/opensrp-server/org/opensrp/opensrp-core/0.1-SNAPSHOT/maven-metadata.xml
Downloading: http://nexus.motechproject.org/content/repositories/snapshots/org/opensrp/opensrp-core/0.1-SNAPSHOT/maven-metadata.xml
Downloading: http://nexus.motechproject.org/content/repositories/releases/org/opensrp/opensrp-core/0.1-SNAPSHOT/maven-metadata.xml
Downloading: http://repo1.maven.org/maven2/org/opensrp/opensrp/0.1-SNAPSHOT/maven-metadata.xml
Downloading: http://maven.springframework.org/release/org/opensrp/opensrp/0.1-SNAPSHOT/maven-metadata.xml
Downloading: http://nexus.motechproject.org/content/repositories/opensrp-server/org/opensrp/opensrp/0.1-SNAPSHOT/maven-metadata.xml
Downloading: http://maven.springframework.org/milestone/org/opensrp/opensrp/0.1-SNAPSHOT/maven-metadata.xml
Downloading: http://nexus.motechproject.org/content/repositories/snapshots/org/opensrp/opensrp/0.1-SNAPSHOT/maven-metadata.xml
Downloading: http://nexus.motechproject.org/content/repositories/releases/org/opensrp/opensrp/0.1-SNAPSHOT/maven-metadata.xml
Downloading: http://repo1.maven.org/maven2/org/opensrp/opensrp-api/0.1-SNAPSHOT/maven-metadata.xml
Downloading: http://maven.springframework.org/release/org/opensrp/opensrp-api/0.1-SNAPSHOT/maven-metadata.xml
Downloading: http://nexus.motechproject.org/content/repositories/opensrp-server/org/opensrp/opensrp-api/0.1-SNAPSHOT/maven-metadata.xml
Downloading: http://maven.springframework.org/milestone/org/opensrp/opensrp-api/0.1-SNAPSHOT/maven-metadata.xml
Downloading: http://nexus.motechproject.org/content/repositories/snapshots/org/opensrp/opensrp-api/0.1-SNAPSHOT/maven-metadata.xml
Downloading: http://nexus.motechproject.org/content/repositories/releases/org/opensrp/opensrp-api/0.1-SNAPSHOT/maven-metadata.xml
Downloading: http://maven.springframework.org/release/org/opensrp/opensrp-common/0.1-SNAPSHOT/maven-metadata.xml
Downloading: http://maven.springframework.org/milestone/org/opensrp/opensrp-common/0.1-SNAPSHOT/maven-metadata.xml
Downloading: http://nexus.motechproject.org/content/repositories/opensrp-server/org/opensrp/opensrp-common/0.1-SNAPSHOT/maven-metadata.xml
Downloading: http://repo1.maven.org/maven2/org/opensrp/opensrp-common/0.1-SNAPSHOT/maven-metadata.xml
Downloading: http://nexus.motechproject.org/content/repositories/snapshots/org/opensrp/opensrp-common/0.1-SNAPSHOT/maven-metadata.xml
Downloading: http://nexus.motechproject.org/content/repositories/releases/org/opensrp/opensrp-common/0.1-SNAPSHOT/maven-metadata.xml
Downloading: http://repo1.maven.org/maven2/org/opensrp/opensrp-form/0.1-SNAPSHOT/maven-metadata.xml
Downloading: http://maven.springframework.org/release/org/opensrp/opensrp-form/0.1-SNAPSHOT/maven-metadata.xml
Downloading: http://maven.springframework.org/milestone/org/opensrp/opensrp-form/0.1-SNAPSHOT/maven-metadata.xml
Downloading: http://nexus.motechproject.org/content/repositories/opensrp-server/org/opensrp/opensrp-form/0.1-SNAPSHOT/maven-metadata.xml
Downloading: http://nexus.motechproject.org/content/repositories/snapshots/org/opensrp/opensrp-form/0.1-SNAPSHOT/maven-metadata.xml
Downloading: http://nexus.motechproject.org/content/repositories/releases/org/opensrp/opensrp-form/0.1-SNAPSHOT/maven-metadata.xml
Downloading: http://repo1.maven.org/maven2/org/opensrp/opensrp-interface/0.1-SNAPSHOT/maven-metadata.xml
Downloading: http://maven.springframework.org/milestone/org/opensrp/opensrp-interface/0.1-SNAPSHOT/maven-metadata.xml
Downloading: http://maven.springframework.org/release/org/opensrp/opensrp-interface/0.1-SNAPSHOT/maven-metadata.xml
Downloading: http://nexus.motechproject.org/content/repositories/opensrp-server/org/opensrp/opensrp-interface/0.1-SNAPSHOT/maven-metadata.xml
Downloading: http://nexus.motechproject.org/content/repositories/snapshots/org/opensrp/opensrp-interface/0.1-SNAPSHOT/maven-metadata.xml
Downloading: http://nexus.motechproject.org/content/repositories/releases/org/opensrp/opensrp-interface/0.1-SNAPSHOT/maven-metadata.xml
Downloading: http://repo1.maven.org/maven2/org/opensrp/opensrp-connector/0.1-SNAPSHOT/maven-metadata.xml
Downloading: http://maven.springframework.org/release/org/opensrp/opensrp-connector/0.1-SNAPSHOT/maven-metadata.xml
Downloading: http://maven.springframework.org/milestone/org/opensrp/opensrp-connector/0.1-SNAPSHOT/maven-metadata.xml
Downloading: http://nexus.motechproject.org/content/repositories/opensrp-server/org/opensrp/opensrp-connector/0.1-SNAPSHOT/maven-metadata.xml
Downloading: http://nexus.motechproject.org/content/repositories/snapshots/org/opensrp/opensrp-connector/0.1-SNAPSHOT/maven-metadata.xml
Downloading: http://nexus.motechproject.org/content/repositories/releases/org/opensrp/opensrp-connector/0.1-SNAPSHOT/maven-metadata.xml
Downloading: http://repo1.maven.org/maven2/org/motechproject/motech-schedule-testing/0.12-DRISTHI-SNAPSHOT/maven-metadata.xml
Downloading: http://maven.springframework.org/milestone/org/motechproject/motech-schedule-testing/0.12-DRISTHI-SNAPSHOT/maven-metadata.xml
Downloading: http://maven.springframework.org/release/org/motechproject/motech-schedule-testing/0.12-DRISTHI-SNAPSHOT/maven-metadata.xml
Downloading: http://nexus.motechproject.org/content/repositories/opensrp-server/org/motechproject/motech-schedule-testing/0.12-DRISTHI-SNAPSHOT/maven-metadata.xml
Downloading: http://nexus.motechproject.org/content/repositories/snapshots/org/motechproject/motech-schedule-testing/0.12-DRISTHI-SNAPSHOT/maven-metadata.xml
Downloading: http://nexus.motechproject.org/content/repositories/releases/org/motechproject/motech-schedule-testing/0.12-DRISTHI-SNAPSHOT/maven-metadata.xml
293/293 B               Downloaded: http://nexus.motechproject.org/content/repositories/snapshots/org/motechproject/motech-schedule-testing/0.12-DRISTHI-SNAPSHOT/maven-metadata.xml (293 B at 0.4 KB/sec)
Downloading: http://nexus.motechproject.org/content/repositories/opensrp-server/org/motechproject/motech-delivery-tools/0.12-SNAPSHOT/maven-metadata.xml
Downloading: http://maven.springframework.org/release/org/motechproject/motech-delivery-tools/0.12-SNAPSHOT/maven-metadata.xml
Downloading: http://maven.springframework.org/milestone/org/motechproject/motech-delivery-tools/0.12-SNAPSHOT/maven-metadata.xml
Downloading: http://repo1.maven.org/maven2/org/motechproject/motech-delivery-tools/0.12-SNAPSHOT/maven-metadata.xml
            Downloading: http://nexus.motechproject.org/content/repositories/snapshots/org/motechproject/motech-delivery-tools/0.12-SNAPSHOT/maven-metadata.xml
            Downloading: http://nexus.motechproject.org/content/repositories/releases/org/motechproject/motech-delivery-tools/0.12-SNAPSHOT/maven-metadata.xml
                        283/283 B                           Downloaded: http://nexus.motechproject.org/content/repositories/snapshots/org/motechproject/motech-delivery-tools/0.12-SNAPSHOT/maven-metadata.xml (283 B at 0.4 KB/sec)
Downloading: http://maven.springframework.org/release/org/motechproject/motech-delivery/0.12-SNAPSHOT/maven-metadata.xml
Downloading: http://maven.springframework.org/milestone/org/motechproject/motech-delivery/0.12-SNAPSHOT/maven-metadata.xml
Downloading: http://repo1.maven.org/maven2/org/motechproject/motech-delivery/0.12-SNAPSHOT/maven-metadata.xml
Downloading: http://nexus.motechproject.org/content/repositories/opensrp-server/org/motechproject/motech-delivery/0.12-SNAPSHOT/maven-metadata.xml
            Downloading: http://nexus.motechproject.org/content/repositories/snapshots/org/motechproject/motech-delivery/0.12-SNAPSHOT/maven-metadata.xml
            Downloading: http://nexus.motechproject.org/content/repositories/releases/org/motechproject/motech-delivery/0.12-SNAPSHOT/maven-metadata.xml
                        277/277 B                           Downloaded: http://nexus.motechproject.org/content/repositories/snapshots/org/motechproject/motech-delivery/0.12-SNAPSHOT/maven-metadata.xml (277 B at 0.4 KB/sec)
[INFO] 
[INFO] --- maven-clean-plugin:2.5:clean (default-clean) @ opensrp-web ---
[INFO] Deleting D:\opensrpThriveMaster\opensrp-server\opensrp-web\target
[INFO] 
[INFO] --- properties-maven-plugin:1.0-alpha-2:read-project-properties (default) @ opensrp-web ---
[INFO] 
[INFO] --- maven-resources-plugin:2.5:resources (default-resources) @ opensrp-web ---
[debug] execute contextualize
[INFO] Using 'UTF-8' encoding to copy filtered resources.
[INFO] Copying 8 resources
[INFO] Copying 8 resources
[INFO] Copying 39 resources to schedules
[INFO] Copying 129 resources to form
[INFO] Copying 1 resource
[INFO] Copying 4 resources
[INFO] Copying 1 resource
[INFO] 
[INFO] --- maven-compiler-plugin:2.5.1:compile (default-compile) @ opensrp-web ---
[INFO] Compiling 25 source files to D:\opensrpThriveMaster\opensrp-server\opensrp-web\target\classes
[INFO] 
[INFO] --- maven-resources-plugin:2.5:testResources (default-testResources) @ opensrp-web ---
[debug] execute contextualize
[INFO] Using 'UTF-8' encoding to copy filtered resources.
[INFO] skip non existing resourceDirectory D:\opensrpThriveMaster\opensrp-server\opensrp-web\src\test\resources
[INFO] 
[INFO] --- maven-compiler-plugin:2.5.1:testCompile (default-testCompile) @ opensrp-web ---
[INFO] Compiling 16 source files to D:\opensrpThriveMaster\opensrp-server\opensrp-web\target\test-classes
[INFO] 
[INFO] --- maven-surefire-plugin:2.9:test (default-test) @ opensrp-web ---
[INFO] Surefire report directory: D:\opensrpThriveMaster\opensrp-server\opensrp-web\target\surefire-reports

-------------------------------------------------------
 T E S T S
-------------------------------------------------------
Running org.opensrp.integration.ScheduleTrackingSchedulesJSONTest
Tests run: 1, Failures: 0, Errors: 0, Skipped: 0, Time elapsed: 0.656 sec
Running org.opensrp.web.controller.ActionControllerTest
Tests run: 1, Failures: 0, Errors: 0, Skipped: 0, Time elapsed: 0.41 sec
Running org.opensrp.web.controller.AuditMessageControllerTest
Tests run: 1, Failures: 0, Errors: 0, Skipped: 0, Time elapsed: 0.166 sec
Running org.opensrp.web.controller.FormDownloadTest
form/
available version:::{"formVersions" : [{"formName": "ANC_Close_EngKan", "formDirName": "anc_close", "formDataDefinitionVersion": "2"},{"formName": "ANC_Investigations_EngKan", "formDirName": "anc_investigations", "formDataDefinitionVersion": "2"},{"formName": "ANC_Registration_EngKan", "formDirName": "anc_registration", "formDataDefinitionVersion": "3"},{"formName": "ANC_Registration_OA_EngKan", "formDirName": "anc_registration_oa", "formDataDefinitionVersion": "4"},{"formName": "ANC_Visit_EngKan", "formDirName": "anc_visit", "formDataDefinitionVersion": "3"},{"formName": "CensusNewWomanRegistrationFor", "formDirName": "census_enrollment_form", "formDataDefinitionVersion": "10"},{"formName": "Child_Close_EngKan", "formDirName": "child_close", "formDataDefinitionVersion": "4"},{"formName": "Child_Enrollment_Vaccination_Registe", "formDirName": "child_enrollment_form", "formDataDefinitionVersion": "1"},{"formName": "Child_Sick_Visit_EngKan", "formDirName": "child_illness", "formDataDefinitionVersion": "2"},{"formName": "Child_Immunizations_EngKan", "formDirName": "child_immunizations", "formDataDefinitionVersion": "1"},{"formName": "Child_Registration_EC_EngKan", "formDirName": "child_registration_ec", "formDataDefinitionVersion": "6"},{"formName": "Child_Registration_EngKan", "formDirName": "child_registration_oa", "formDataDefinitionVersion": "6"},{"formName": "crvs_birth_notification", "formDirName": "crvs_birth_notification", "formDataDefinitionVersion": "1"},{"formName": "crvs_death_notification", "formDirName": "crvs_death_notification", "formDataDefinitionVersion": "1"},{"formName": "model/instance/crvs_pregnancy_notification", "formDirName": "crvs_pregnancy_notification", "formDataDefinitionVersion": "1"},{"formName": "crvs_verbal_autopsy", "formDirName": "crvs_verbal_autopsy", "formDataDefinitionVersion": "1"},{"formName": "PNC_Registration_EngKan", "formDirName": "delivery_outcome", "formDataDefinitionVersion": "5"},{"formName": "Delivery_Plan_EngKan", "formDirName": "delivery_plan", "formDataDefinitionVersion": "2"},{"formName": "EC_Close_EngKan", "formDirName": "ec_close", "formDataDefinitionVersion": "1"},{"formName": "EC_Edit_EngKan", "formDirName": "ec_edit", "formDataDefinitionVersion": "1"},{"formName": "EC_Registration_EngKan", "formDirName": "ec_registration", "formDataDefinitionVersion": "4"},{"formName": "Family_Planning_Change_Method_EngKan", "formDirName": "fp_change", "formDataDefinitionVersion": "2"},{"formName": "Family_Planning_Complications_EngKan", "formDirName": "fp_complications", "formDataDefinitionVersion": "3"},{"formName": "Family_Planning_Followup_EngKan", "formDirName": "fp_followup", "formDataDefinitionVersion": "3"},{"formName": "Family_Planning_Referral_Followup_EngKan", "formDirName": "fp_referral_followup", "formDataDefinitionVersion": "3"},{"formName": "Hb_Test_EngKan", "formDirName": "hb_test", "formDataDefinitionVersion": "3"},{"formName": "IFA_EngKan", "formDirName": "ifa", "formDataDefinitionVersion": "1"},{"formName": "FWNewH", "formDirName": "new_household_registration", "formDataDefinitionVersion": "7"},{"formName": "pnc_first_registration_motherdetail", "formDirName": "pnc_1st_registration", "formDataDefinitionVersion": "1"},{"formName": "PNC_Close_EngKan", "formDirName": "pnc_close", "formDataDefinitionVersion": "2"},{"formName": "PNC_Child_Registration_EngKan", "formDirName": "pnc_registration_oa", "formDataDefinitionVersion": "2"},{"formName": "PNC_Visit_EngKan", "formDirName": "pnc_visit", "formDataDefinitionVersion": "1"},{"formName": "Postpartum_FamilyPlanning_EngKan", "formDirName": "postpartum_family_planning", "formDataDefinitionVersion": "2"},{"formName": "Family_Planning_ECPs_EngKan", "formDirName": "record_ecps", "formDataDefinitionVersion": "1"},{"formName": "Family_Planning_Refill_Method_EngKan", "formDirName": "renew_fp_product", "formDataDefinitionVersion": "1"},{"formName": "TT_EngKan", "formDirName": "tt", "formDataDefinitionVersion": "1"},{"formName": "TT1_EngKan", "formDirName": "tt_1", "formDataDefinitionVersion": "1"},{"formName": "TT2_EngKan", "formDirName": "tt_2", "formDataDefinitionVersion": "1"},{"formName": "TTBooster_EngKan", "formDirName": "tt_booster", "formDataDefinitionVersion": "1"},{"formName": "Child_Vitamin_A_EngKan", "formDirName": "vitamin_a", "formDataDefinitionVersion": "1"},{"formName": "Woman_TT_Enrollment_Form", "formDirName": "woman_enrollment", "formDataDefinitionVersion": "2"}]}
Tests run: 1, Failures: 0, Errors: 0, Skipped: 0, Time elapsed: 0.083 sec
Running org.opensrp.web.controller.OpenmrsReportingTest
Tests run: 2, Failures: 0, Errors: 0, Skipped: 0, Time elapsed: 0.011 sec
Running org.opensrp.web.controller.UserControllerTest
USER Location info not mapped in team management module. Now trying Person Attribute
java.lang.NullPointerException
	at org.opensrp.web.controller.UserController.authenticate(UserController.java:97)
	at org.opensrp.web.controller.UserControllerTest.test(UserControllerTest.java:63)
	at sun.reflect.NativeMethodAccessorImpl.invoke0(Native Method)
	at sun.reflect.NativeMethodAccessorImpl.invoke(NativeMethodAccessorImpl.java:57)
	at sun.reflect.DelegatingMethodAccessorImpl.invoke(DelegatingMethodAccessorImpl.java:43)
	at java.lang.reflect.Method.invoke(Method.java:601)
	at org.junit.runners.model.FrameworkMethod$1.runReflectiveCall(FrameworkMethod.java:44)
	at org.junit.internal.runners.model.ReflectiveCallable.run(ReflectiveCallable.java:15)
	at org.junit.runners.model.FrameworkMethod.invokeExplosively(FrameworkMethod.java:41)
	at org.junit.internal.runners.statements.InvokeMethod.evaluate(InvokeMethod.java:20)
	at org.junit.internal.runners.statements.RunBefores.evaluate(RunBefores.java:28)
	at org.junit.runners.BlockJUnit4ClassRunner.runNotIgnored(BlockJUnit4ClassRunner.java:79)
	at org.junit.runners.BlockJUnit4ClassRunner.runChild(BlockJUnit4ClassRunner.java:71)
	at org.junit.runners.BlockJUnit4ClassRunner.runChild(BlockJUnit4ClassRunner.java:49)
	at org.junit.runners.ParentRunner$3.run(ParentRunner.java:193)
	at org.junit.runners.ParentRunner$1.schedule(ParentRunner.java:52)
	at org.junit.runners.ParentRunner.runChildren(ParentRunner.java:191)
	at org.junit.runners.ParentRunner.access$000(ParentRunner.java:42)
	at org.junit.runners.ParentRunner$2.evaluate(ParentRunner.java:184)
	at org.junit.runners.ParentRunner.run(ParentRunner.java:236)
	at org.apache.maven.surefire.junit4.JUnit4TestSet.execute(JUnit4TestSet.java:53)
	at org.apache.maven.surefire.junit4.JUnit4Provider.executeTestSet(JUnit4Provider.java:123)
	at org.apache.maven.surefire.junit4.JUnit4Provider.invoke(JUnit4Provider.java:104)
	at sun.reflect.NativeMethodAccessorImpl.invoke0(Native Method)
	at sun.reflect.NativeMethodAccessorImpl.invoke(NativeMethodAccessorImpl.java:57)
	at sun.reflect.DelegatingMethodAccessorImpl.invoke(DelegatingMethodAccessorImpl.java:43)
	at java.lang.reflect.Method.invoke(Method.java:601)
	at org.apache.maven.surefire.util.ReflectionUtils.invokeMethodWithArray(ReflectionUtils.java:164)
	at org.apache.maven.surefire.booter.ProviderFactory$ProviderProxy.invoke(ProviderFactory.java:110)
	at org.apache.maven.surefire.booter.SurefireStarter.invokeProvider(SurefireStarter.java:172)
	at org.apache.maven.surefire.booter.SurefireStarter.runSuitesInProcessWhenForked(SurefireStarter.java:104)
	at org.apache.maven.surefire.booter.ForkedBooter.main(ForkedBooter.java:70)
Tests run: 1, Failures: 0, Errors: 0, Skipped: 0, Time elapsed: 0.175 sec
Running org.opensrp.web.utils.RestUtilsTest
[Lorg.joda.time.DateTime;@7c3ff48b
Tests run: 1, Failures: 0, Errors: 0, Skipped: 0, Time elapsed: 0.049 sec

Results :

Tests run: 8, Failures: 0, Errors: 0, Skipped: 0

[INFO] 
[INFO] >>> jasmine-maven-plugin:1.0.2-beta-5:test (default) @ opensrp-web >>>
[INFO] 
[INFO] --- properties-maven-plugin:1.0-alpha-2:read-project-properties (default) @ opensrp-web ---
[INFO] 
[INFO] --- jasmine-maven-plugin:1.0.2-beta-5:generateManualRunner (default) @ opensrp-web ---
[INFO] Generating runner 'ManualSpecRunner.html' in the Jasmine plugin's target directory to open in a browser to facilitate faster feedback.
[INFO] 
[INFO] --- maven-resources-plugin:2.5:resources (default-resources) @ opensrp-web ---
[debug] execute contextualize
[INFO] Using 'UTF-8' encoding to copy filtered resources.
[INFO] Copying 8 resources
[INFO] Copying 8 resources
[INFO] Copying 39 resources to schedules
[INFO] Copying 129 resources to form
[INFO] Copying 1 resource
[INFO] Copying 4 resources
[INFO] Copying 1 resource
[INFO] 
[INFO] --- jasmine-maven-plugin:1.0.2-beta-5:resources (default) @ opensrp-web ---
[INFO] Processing JavaScript Sources
[INFO] 
[INFO] --- maven-compiler-plugin:2.5.1:compile (default-compile) @ opensrp-web ---
[INFO] Nothing to compile - all classes are up to date
[INFO] 
[INFO] --- maven-resources-plugin:2.5:testResources (default-testResources) @ opensrp-web ---
[debug] execute contextualize
[INFO] Using 'UTF-8' encoding to copy filtered resources.
[INFO] skip non existing resourceDirectory D:\opensrpThriveMaster\opensrp-server\opensrp-web\src\test\resources
[INFO] 
[INFO] --- jasmine-maven-plugin:1.0.2-beta-5:testResources (default) @ opensrp-web ---
[INFO] Processing JavaScript Specs
[INFO] 
[INFO] <<< jasmine-maven-plugin:1.0.2-beta-5:test (default) @ opensrp-web <<<
[INFO] 
[INFO] --- jasmine-maven-plugin:1.0.2-beta-5:test (default) @ opensrp-web ---
[INFO] Executing Jasmine Specs
[INFO] 
-------------------------------------------------------
 J A S M I N E   S P E C S
-------------------------------------------------------
[INFO] 
AuditMessage
  should create audit message for an unsent SMS, from audit log item of SMS type
  should create audit message for a sent SMS, from audit log item of SMS type
  should create audit message for a form submission, from audit log item of FORM_SUBMISSION type

Results: 3 specs, 0 failures

[INFO] 
[INFO] --- maven-war-plugin:2.2:war (default-war) @ opensrp-web ---
[INFO] Packaging webapp
[INFO] Assembling webapp [opensrp-web] in [D:\opensrpThriveMaster\opensrp-server\opensrp-web\target\opensrp-web]
[INFO] Processing war project
[INFO] Copying webapp resources [D:\opensrpThriveMaster\opensrp-server\opensrp-web\src\main\webapp]
[INFO] Webapp assembled in [6972 msecs]
[INFO] Building war: D:\opensrpThriveMaster\opensrp-server\opensrp-web\target\opensrp-web.war
[INFO] WEB-INF\web.xml already added, skipping
[INFO] 
[INFO] >>> jetty-maven-plugin:8.1.16.v20140903:run (start-jetty) @ opensrp-web >>>
[INFO] 
[INFO] --- properties-maven-plugin:1.0-alpha-2:read-project-properties (default) @ opensrp-web ---
[INFO] 
[INFO] --- maven-resources-plugin:2.5:resources (default-resources) @ opensrp-web ---
[debug] execute contextualize
[INFO] Using 'UTF-8' encoding to copy filtered resources.
[INFO] Copying 8 resources
[INFO] Copying 8 resources
[INFO] Copying 39 resources to schedules
[INFO] Copying 129 resources to form
[INFO] Copying 1 resource
[INFO] Copying 4 resources
[INFO] Copying 1 resource
[INFO] 
[INFO] --- maven-compiler-plugin:2.5.1:compile (default-compile) @ opensrp-web ---
[INFO] Nothing to compile - all classes are up to date
[INFO] 
[INFO] --- maven-resources-plugin:2.5:testResources (default-testResources) @ opensrp-web ---
[debug] execute contextualize
[INFO] Using 'UTF-8' encoding to copy filtered resources.
[INFO] skip non existing resourceDirectory D:\opensrpThriveMaster\opensrp-server\opensrp-web\src\test\resources
[INFO] 
[INFO] --- maven-compiler-plugin:2.5.1:testCompile (default-testCompile) @ opensrp-web ---
[INFO] Compiling 1 source file to D:\opensrpThriveMaster\opensrp-server\opensrp-web\target\test-classes
[INFO] 
[INFO] <<< jetty-maven-plugin:8.1.16.v20140903:run (start-jetty) @ opensrp-web <<<
[INFO] 
[INFO] --- jetty-maven-plugin:8.1.16.v20140903:run (start-jetty) @ opensrp-web ---
[INFO] Configuring Jetty for project: opensrp-web
[INFO] webAppSourceDirectory not set. Defaulting to D:\opensrpThriveMaster\opensrp-server\opensrp-web\src\main\webapp
[INFO] Reload Mechanic: automatic
[INFO] Classes = D:\opensrpThriveMaster\opensrp-server\opensrp-web\target\classes
[INFO] Context path = /
[INFO] Tmp directory = D:\opensrpThriveMaster\opensrp-server\opensrp-web\target\tmp
[INFO] Web defaults = org/eclipse/jetty/webapp/webdefault.xml
[INFO] Web overrides =  none
[INFO] web.xml file = file:/D:/opensrpThriveMaster/opensrp-server/opensrp-web/src/main/webapp/WEB-INF/web.xml
[INFO] Webapp directory = D:\opensrpThriveMaster\opensrp-server\opensrp-web\src\main\webapp
[REPORT] 29032016 01:45:31,641 INFO  [main] [ContextLoader] Root WebApplicationContext: initialization started
[REPORT] 29032016 01:45:31,681 INFO  [main] [XmlWebApplicationContext] Refreshing Root WebApplicationContext: startup date [Tue Mar 29 01:45:31 PKT 2016]; root of context hierarchy
[REPORT] 29032016 01:45:31,713 INFO  [main] [XmlBeanDefinitionReader] Loading XML bean definitions from URL [file:/D:/opensrpThriveMaster/opensrp-server/opensrp-web/target/classes/spring/applicationContext-opensrp-web.xml]
[REPORT] 29032016 01:45:31,871 INFO  [main] [XmlBeanDefinitionReader] Loading XML bean definitions from class path resource [applicationContext-opensrp.xml]
[REPORT] 29032016 01:45:31,914 INFO  [main] [XmlBeanDefinitionReader] Loading XML bean definitions from class path resource [applicationScheduler.xml]
[REPORT] 29032016 01:45:31,956 INFO  [main] [XmlBeanDefinitionReader] Loading XML bean definitions from class path resource [schedulerFiredEventChannelAdapter.xml]
[REPORT] 29032016 01:45:32,071 INFO  [main] [XmlBeanDefinitionReader] Loading XML bean definitions from class path resource [schedulerInboundChannelAdapter.xml]
[REPORT] 29032016 01:45:32,132 INFO  [main] [XmlBeanDefinitionReader] Loading XML bean definitions from class path resource [applicationPlatformServerAPI.xml]
[REPORT] 29032016 01:45:32,159 INFO  [main] [XmlBeanDefinitionReader] Loading XML bean definitions from class path resource [integrationCommonAPI.xml]
[REPORT] 29032016 01:45:32,187 INFO  [main] [DefaultListableBeanFactory] Overriding bean definition for bean 'connectionFactory': replacing [Generic bean: class [org.springframework.jms.connection.CachingConnectionFactory]; scope=; abstract=false; lazyInit=false; autowireMode=0; dependencyCheck=0; autowireCandidate=true; primary=false; factoryBeanName=null; factoryMethodName=null; initMethodName=null; destroyMethodName=null; defined in class path resource [applicationScheduler.xml]] with [Generic bean: class [org.springframework.jms.connection.CachingConnectionFactory]; scope=; abstract=false; lazyInit=false; autowireMode=0; dependencyCheck=0; autowireCandidate=true; primary=false; factoryBeanName=null; factoryMethodName=null; initMethodName=null; destroyMethodName=null; defined in class path resource [integrationCommonAPI.xml]]
[REPORT] 29032016 01:45:32,187 INFO  [main] [DefaultListableBeanFactory] Overriding bean definition for bean 'schedulerQueue': replacing [Generic bean: class [org.apache.activemq.command.ActiveMQQueue]; scope=; abstract=false; lazyInit=false; autowireMode=0; dependencyCheck=0; autowireCandidate=true; primary=false; factoryBeanName=null; factoryMethodName=null; initMethodName=null; destroyMethodName=null; defined in class path resource [applicationScheduler.xml]] with [Generic bean: class [org.apache.activemq.command.ActiveMQQueue]; scope=; abstract=false; lazyInit=false; autowireMode=0; dependencyCheck=0; autowireCandidate=true; primary=false; factoryBeanName=null; factoryMethodName=null; initMethodName=null; destroyMethodName=null; defined in class path resource [integrationCommonAPI.xml]]
[REPORT] 29032016 01:45:32,187 INFO  [main] [DefaultListableBeanFactory] Overriding bean definition for bean 'eventQueue': replacing [Generic bean: class [org.apache.activemq.command.ActiveMQQueue]; scope=; abstract=false; lazyInit=false; autowireMode=0; dependencyCheck=0; autowireCandidate=true; primary=false; factoryBeanName=null; factoryMethodName=null; initMethodName=null; destroyMethodName=null; defined in class path resource [applicationScheduler.xml]] with [Generic bean: class [org.apache.activemq.command.ActiveMQQueue]; scope=; abstract=false; lazyInit=false; autowireMode=0; dependencyCheck=0; autowireCandidate=true; primary=false; factoryBeanName=null; factoryMethodName=null; initMethodName=null; destroyMethodName=null; defined in class path resource [integrationCommonAPI.xml]]
[REPORT] 29032016 01:45:32,188 INFO  [main] [XmlBeanDefinitionReader] Loading XML bean definitions from class path resource [outboundEventChannelAdapterAPI.xml]
[REPORT] 29032016 01:45:32,228 INFO  [main] [XmlBeanDefinitionReader] Loading XML bean definitions from class path resource [inboundEventChannelAdapter.xml]
[REPORT] 29032016 01:45:32,279 INFO  [main] [DefaultListableBeanFactory] Overriding bean definition for bean 'jmsin': replacing [Generic bean: class [org.springframework.integration.jms.JmsMessageDrivenEndpoint]; scope=; abstract=false; lazyInit=false; autowireMode=0; dependencyCheck=0; autowireCandidate=true; primary=false; factoryBeanName=null; factoryMethodName=null; initMethodName=null; destroyMethodName=null] with [Generic bean: class [org.springframework.integration.jms.JmsMessageDrivenEndpoint]; scope=; abstract=false; lazyInit=false; autowireMode=0; dependencyCheck=0; autowireCandidate=true; primary=false; factoryBeanName=null; factoryMethodName=null; initMethodName=null; destroyMethodName=null]
[REPORT] 29032016 01:45:32,280 INFO  [main] [XmlBeanDefinitionReader] Loading XML bean definitions from class path resource [outboundScheduleJobChannelAdapter.xml]
[REPORT] 29032016 01:45:32,333 INFO  [main] [XmlBeanDefinitionReader] Loading XML bean definitions from class path resource [applicationPlatformCommonAPI.xml]
[REPORT] 29032016 01:45:32,362 INFO  [main] [ClassPathBeanDefinitionScanner] JSR-250 'javax.annotation.ManagedBean' found and supported for component scanning
[REPORT] 29032016 01:45:32,363 INFO  [main] [ClassPathBeanDefinitionScanner] JSR-330 'javax.inject.Named' annotation found and supported for component scanning
[REPORT] 29032016 01:45:32,394 INFO  [main] [ClassPathBeanDefinitionScanner] JSR-250 'javax.annotation.ManagedBean' found and supported for component scanning
[REPORT] 29032016 01:45:32,394 INFO  [main] [ClassPathBeanDefinitionScanner] JSR-330 'javax.inject.Named' annotation found and supported for component scanning
[REPORT] 29032016 01:45:32,405 INFO  [main] [ClassPathBeanDefinitionScanner] JSR-250 'javax.annotation.ManagedBean' found and supported for component scanning
[REPORT] 29032016 01:45:32,405 INFO  [main] [ClassPathBeanDefinitionScanner] JSR-330 'javax.inject.Named' annotation found and supported for component scanning
[REPORT] 29032016 01:45:32,411 INFO  [main] [XmlBeanDefinitionReader] Loading XML bean definitions from class path resource [applicationSmsHttp.xml]
[REPORT] 29032016 01:45:32,427 INFO  [main] [ClassPathBeanDefinitionScanner] JSR-250 'javax.annotation.ManagedBean' found and supported for component scanning
[REPORT] 29032016 01:45:32,427 INFO  [main] [ClassPathBeanDefinitionScanner] JSR-330 'javax.inject.Named' annotation found and supported for component scanning
[REPORT] 29032016 01:45:32,456 INFO  [main] [XmlBeanDefinitionReader] Loading XML bean definitions from class path resource [applicationSmsAPI.xml]
[REPORT] 29032016 01:45:32,473 INFO  [main] [ClassPathBeanDefinitionScanner] JSR-250 'javax.annotation.ManagedBean' found and supported for component scanning
[REPORT] 29032016 01:45:32,473 INFO  [main] [ClassPathBeanDefinitionScanner] JSR-330 'javax.inject.Named' annotation found and supported for component scanning
[REPORT] 29032016 01:45:32,481 INFO  [main] [XmlBeanDefinitionReader] Loading XML bean definitions from class path resource [applicationSchedulerTrackingAPI.xml]
[REPORT] 29032016 01:45:32,498 INFO  [main] [DefaultListableBeanFactory] Overriding bean definition for bean 'couchdbProperties': replacing [Generic bean: class [org.springframework.beans.factory.config.PropertiesFactoryBean]; scope=; abstract=false; lazyInit=false; autowireMode=0; dependencyCheck=0; autowireCandidate=true; primary=false; factoryBeanName=null; factoryMethodName=null; initMethodName=null; destroyMethodName=null] with [Generic bean: class [org.springframework.beans.factory.config.PropertiesFactoryBean]; scope=; abstract=false; lazyInit=false; autowireMode=0; dependencyCheck=0; autowireCandidate=true; primary=false; factoryBeanName=null; factoryMethodName=null; initMethodName=null; destroyMethodName=null]
[REPORT] 29032016 01:45:32,498 INFO  [main] [DefaultListableBeanFactory] Overriding bean definition for bean 'quartzProperties': replacing [Generic bean: class [org.springframework.beans.factory.config.PropertiesFactoryBean]; scope=; abstract=false; lazyInit=false; autowireMode=0; dependencyCheck=0; autowireCandidate=true; primary=false; factoryBeanName=null; factoryMethodName=null; initMethodName=null; destroyMethodName=null] with [Generic bean: class [org.springframework.beans.factory.config.PropertiesFactoryBean]; scope=; abstract=false; lazyInit=false; autowireMode=0; dependencyCheck=0; autowireCandidate=true; primary=false; factoryBeanName=null; factoryMethodName=null; initMethodName=null; destroyMethodName=null]
[REPORT] 29032016 01:45:32,499 INFO  [main] [DefaultListableBeanFactory] Overriding bean definition for bean 'httpClient': replacing [Generic bean: class [org.ektorp.spring.HttpClientFactoryBean]; scope=; abstract=false; lazyInit=false; autowireMode=0; dependencyCheck=0; autowireCandidate=true; primary=false; factoryBeanName=null; factoryMethodName=null; initMethodName=null; destroyMethodName=null; defined in class path resource [applicationPlatformCommonAPI.xml]] with [Generic bean: class [org.ektorp.spring.HttpClientFactoryBean]; scope=; abstract=false; lazyInit=false; autowireMode=0; dependencyCheck=0; autowireCandidate=true; primary=false; factoryBeanName=null; factoryMethodName=null; initMethodName=null; destroyMethodName=null; defined in class path resource [applicationSchedulerTrackingAPI.xml]]
[REPORT] 29032016 01:45:32,499 INFO  [main] [DefaultListableBeanFactory] Overriding bean definition for bean 'couchDbInstance': replacing [Generic bean: class [org.ektorp.impl.StdCouchDbInstance]; scope=; abstract=false; lazyInit=false; autowireMode=0; dependencyCheck=0; autowireCandidate=true; primary=false; factoryBeanName=null; factoryMethodName=null; initMethodName=null; destroyMethodName=null; defined in class path resource [applicationPlatformCommonAPI.xml]] with [Generic bean: class [org.ektorp.impl.StdCouchDbInstance]; scope=; abstract=false; lazyInit=false; autowireMode=0; dependencyCheck=0; autowireCandidate=true; primary=false; factoryBeanName=null; factoryMethodName=null; initMethodName=null; destroyMethodName=null; defined in class path resource [applicationSchedulerTrackingAPI.xml]]
[REPORT] 29032016 01:45:32,500 INFO  [main] [DefaultListableBeanFactory] Overriding bean definition for bean 'schedulerFactoryBean': replacing [Generic bean: class [org.springframework.scheduling.quartz.SchedulerFactoryBean]; scope=; abstract=false; lazyInit=false; autowireMode=0; dependencyCheck=0; autowireCandidate=true; primary=false; factoryBeanName=null; factoryMethodName=null; initMethodName=null; destroyMethodName=null; defined in class path resource [applicationScheduler.xml]] with [Generic bean: class [org.springframework.scheduling.quartz.SchedulerFactoryBean]; scope=; abstract=false; lazyInit=false; autowireMode=0; dependencyCheck=0; autowireCandidate=true; primary=false; factoryBeanName=null; factoryMethodName=null; initMethodName=null; destroyMethodName=null; defined in class path resource [applicationSchedulerTrackingAPI.xml]]
[REPORT] 29032016 01:45:32,501 INFO  [main] [ClassPathBeanDefinitionScanner] JSR-250 'javax.annotation.ManagedBean' found and supported for component scanning
[REPORT] 29032016 01:45:32,501 INFO  [main] [ClassPathBeanDefinitionScanner] JSR-330 'javax.inject.Named' annotation found and supported for component scanning
[REPORT] 29032016 01:45:32,534 INFO  [main] [ClassPathBeanDefinitionScanner] JSR-250 'javax.annotation.ManagedBean' found and supported for component scanning
[REPORT] 29032016 01:45:32,534 INFO  [main] [ClassPathBeanDefinitionScanner] JSR-330 'javax.inject.Named' annotation found and supported for component scanning
[REPORT] 29032016 01:45:32,731 INFO  [main] [DefaultListableBeanFactory] Overriding bean definition for bean 'statsdAgent': replacing [Generic bean: class [org.motechproject.metrics.impl.StatsdAgentBackendImpl]; scope=; abstract=false; lazyInit=false; autowireMode=0; dependencyCheck=0; autowireCandidate=true; primary=false; factoryBeanName=null; factoryMethodName=null; initMethodName=null; destroyMethodName=null; defined in class path resource [applicationPlatformCommonAPI.xml]] with [Generic bean: class [org.motechproject.metrics.impl.LoggingAgentBackendImpl]; scope=; abstract=false; lazyInit=false; autowireMode=0; dependencyCheck=0; autowireCandidate=true; primary=false; factoryBeanName=null; factoryMethodName=null; initMethodName=null; destroyMethodName=null; defined in class path resource [applicationContext-opensrp.xml]]
[REPORT] 29032016 01:45:32,732 INFO  [main] [XmlBeanDefinitionReader] Loading XML bean definitions from class path resource [applicationContext-opensrp-form.xml]
[REPORT] 29032016 01:45:32,749 INFO  [main] [XmlBeanDefinitionReader] Loading XML bean definitions from class path resource [applicationPlatformCommonAPI.xml]
[REPORT] 29032016 01:45:32,768 INFO  [main] [DefaultListableBeanFactory] Overriding bean definition for bean 'couchdbProperties': replacing [Generic bean: class [org.springframework.beans.factory.config.PropertiesFactoryBean]; scope=; abstract=false; lazyInit=false; autowireMode=0; dependencyCheck=0; autowireCandidate=true; primary=false; factoryBeanName=null; factoryMethodName=null; initMethodName=null; destroyMethodName=null] with [Generic bean: class [org.springframework.beans.factory.config.PropertiesFactoryBean]; scope=; abstract=false; lazyInit=false; autowireMode=0; dependencyCheck=0; autowireCandidate=true; primary=false; factoryBeanName=null; factoryMethodName=null; initMethodName=null; destroyMethodName=null]
[REPORT] 29032016 01:45:32,769 INFO  [main] [ClassPathBeanDefinitionScanner] JSR-250 'javax.annotation.ManagedBean' found and supported for component scanning
[REPORT] 29032016 01:45:32,769 INFO  [main] [ClassPathBeanDefinitionScanner] JSR-330 'javax.inject.Named' annotation found and supported for component scanning
[REPORT] 29032016 01:45:32,774 INFO  [main] [DefaultListableBeanFactory] Overriding bean definition for bean 'httpClient': replacing [Generic bean: class [org.ektorp.spring.HttpClientFactoryBean]; scope=; abstract=false; lazyInit=false; autowireMode=0; dependencyCheck=0; autowireCandidate=true; primary=false; factoryBeanName=null; factoryMethodName=null; initMethodName=null; destroyMethodName=null; defined in class path resource [applicationSchedulerTrackingAPI.xml]] with [Generic bean: class [org.ektorp.spring.HttpClientFactoryBean]; scope=; abstract=false; lazyInit=false; autowireMode=0; dependencyCheck=0; autowireCandidate=true; primary=false; factoryBeanName=null; factoryMethodName=null; initMethodName=null; destroyMethodName=null; defined in class path resource [applicationPlatformCommonAPI.xml]]
[REPORT] 29032016 01:45:32,774 INFO  [main] [DefaultListableBeanFactory] Overriding bean definition for bean 'couchDbInstance': replacing [Generic bean: class [org.ektorp.impl.StdCouchDbInstance]; scope=; abstract=false; lazyInit=false; autowireMode=0; dependencyCheck=0; autowireCandidate=true; primary=false; factoryBeanName=null; factoryMethodName=null; initMethodName=null; destroyMethodName=null; defined in class path resource [applicationSchedulerTrackingAPI.xml]] with [Generic bean: class [org.ektorp.impl.StdCouchDbInstance]; scope=; abstract=false; lazyInit=false; autowireMode=0; dependencyCheck=0; autowireCandidate=true; primary=false; factoryBeanName=null; factoryMethodName=null; initMethodName=null; destroyMethodName=null; defined in class path resource [applicationPlatformCommonAPI.xml]]
[REPORT] 29032016 01:45:32,775 INFO  [main] [DefaultListableBeanFactory] Overriding bean definition for bean 'ruleDatabase': replacing [Generic bean: class [org.ektorp.impl.StdCouchDbConnector]; scope=; abstract=false; lazyInit=false; autowireMode=0; dependencyCheck=0; autowireCandidate=true; primary=false; factoryBeanName=null; factoryMethodName=null; initMethodName=null; destroyMethodName=null; defined in class path resource [applicationPlatformCommonAPI.xml]] with [Generic bean: class [org.ektorp.impl.StdCouchDbConnector]; scope=; abstract=false; lazyInit=false; autowireMode=0; dependencyCheck=0; autowireCandidate=true; primary=false; factoryBeanName=null; factoryMethodName=null; initMethodName=null; destroyMethodName=null; defined in class path resource [applicationPlatformCommonAPI.xml]]
[REPORT] 29032016 01:45:32,775 INFO  [main] [DefaultListableBeanFactory] Overriding bean definition for bean 'metricsAgent': replacing [Generic bean: class [org.motechproject.metrics.impl.MultipleMetricsAgentImpl]; scope=; abstract=false; lazyInit=false; autowireMode=0; dependencyCheck=0; autowireCandidate=true; primary=false; factoryBeanName=null; factoryMethodName=null; initMethodName=null; destroyMethodName=null; defined in class path resource [applicationPlatformCommonAPI.xml]] with [Generic bean: class [org.motechproject.metrics.impl.MultipleMetricsAgentImpl]; scope=; abstract=false; lazyInit=false; autowireMode=0; dependencyCheck=0; autowireCandidate=true; primary=false; factoryBeanName=null; factoryMethodName=null; initMethodName=null; destroyMethodName=null; defined in class path resource [applicationPlatformCommonAPI.xml]]
[REPORT] 29032016 01:45:32,775 INFO  [main] [DefaultListableBeanFactory] Overriding bean definition for bean 'loggingAgent': replacing [Generic bean: class [org.motechproject.metrics.impl.LoggingAgentBackendImpl]; scope=; abstract=false; lazyInit=false; autowireMode=0; dependencyCheck=0; autowireCandidate=true; primary=false; factoryBeanName=null; factoryMethodName=null; initMethodName=null; destroyMethodName=null; defined in class path resource [applicationPlatformCommonAPI.xml]] with [Generic bean: class [org.motechproject.metrics.impl.LoggingAgentBackendImpl]; scope=; abstract=false; lazyInit=false; autowireMode=0; dependencyCheck=0; autowireCandidate=true; primary=false; factoryBeanName=null; factoryMethodName=null; initMethodName=null; destroyMethodName=null; defined in class path resource [applicationPlatformCommonAPI.xml]]
[REPORT] 29032016 01:45:32,776 INFO  [main] [DefaultListableBeanFactory] Overriding bean definition for bean 'statsdAgent': replacing [Generic bean: class [org.motechproject.metrics.impl.LoggingAgentBackendImpl]; scope=; abstract=false; lazyInit=false; autowireMode=0; dependencyCheck=0; autowireCandidate=true; primary=false; factoryBeanName=null; factoryMethodName=null; initMethodName=null; destroyMethodName=null; defined in class path resource [applicationContext-opensrp.xml]] with [Generic bean: class [org.motechproject.metrics.impl.StatsdAgentBackendImpl]; scope=; abstract=false; lazyInit=false; autowireMode=0; dependencyCheck=0; autowireCandidate=true; primary=false; factoryBeanName=null; factoryMethodName=null; initMethodName=null; destroyMethodName=null; defined in class path resource [applicationPlatformCommonAPI.xml]]
[REPORT] 29032016 01:45:32,777 INFO  [main] [DefaultListableBeanFactory] Overriding bean definition for bean 'opensrp': replacing [Generic bean: class [org.springframework.beans.factory.config.PropertiesFactoryBean]; scope=; abstract=false; lazyInit=false; autowireMode=0; dependencyCheck=0; autowireCandidate=true; primary=false; factoryBeanName=null; factoryMethodName=null; initMethodName=null; destroyMethodName=null] with [Generic bean: class [org.springframework.beans.factory.config.PropertiesFactoryBean]; scope=; abstract=false; lazyInit=false; autowireMode=0; dependencyCheck=0; autowireCandidate=true; primary=false; factoryBeanName=null; factoryMethodName=null; initMethodName=null; destroyMethodName=null]
[REPORT] 29032016 01:45:32,778 INFO  [main] [ClassPathBeanDefinitionScanner] JSR-250 'javax.annotation.ManagedBean' found and supported for component scanning
[REPORT] 29032016 01:45:32,778 INFO  [main] [ClassPathBeanDefinitionScanner] JSR-330 'javax.inject.Named' annotation found and supported for component scanning
[REPORT] 29032016 01:45:32,788 INFO  [main] [XmlBeanDefinitionReader] Loading XML bean definitions from class path resource [applicationContext-connector.xml]
[REPORT] 29032016 01:45:32,802 INFO  [main] [DefaultListableBeanFactory] Overriding bean definition for bean 'opensrp': replacing [Generic bean: class [org.springframework.beans.factory.config.PropertiesFactoryBean]; scope=; abstract=false; lazyInit=false; autowireMode=0; dependencyCheck=0; autowireCandidate=true; primary=false; factoryBeanName=null; factoryMethodName=null; initMethodName=null; destroyMethodName=null] with [Generic bean: class [org.springframework.beans.factory.config.PropertiesFactoryBean]; scope=; abstract=false; lazyInit=false; autowireMode=0; dependencyCheck=0; autowireCandidate=true; primary=false; factoryBeanName=null; factoryMethodName=null; initMethodName=null; destroyMethodName=null]
[REPORT] 29032016 01:45:32,803 INFO  [main] [ClassPathBeanDefinitionScanner] JSR-250 'javax.annotation.ManagedBean' found and supported for component scanning
[REPORT] 29032016 01:45:32,803 INFO  [main] [ClassPathBeanDefinitionScanner] JSR-330 'javax.inject.Named' annotation found and supported for component scanning
[REPORT] 29032016 01:45:32,819 INFO  [main] [DefaultListableBeanFactory] Overriding bean definition for bean 'statsdAgent': replacing [Generic bean: class [org.motechproject.metrics.impl.StatsdAgentBackendImpl]; scope=; abstract=false; lazyInit=false; autowireMode=0; dependencyCheck=0; autowireCandidate=true; primary=false; factoryBeanName=null; factoryMethodName=null; initMethodName=null; destroyMethodName=null; defined in class path resource [applicationPlatformCommonAPI.xml]] with [Generic bean: class [org.motechproject.metrics.impl.LoggingAgentBackendImpl]; scope=; abstract=false; lazyInit=false; autowireMode=0; dependencyCheck=0; autowireCandidate=true; primary=false; factoryBeanName=null; factoryMethodName=null; initMethodName=null; destroyMethodName=null; defined in class path resource [applicationContext-connector.xml]]
[REPORT] 29032016 01:45:32,820 INFO  [main] [XmlBeanDefinitionReader] Loading XML bean definitions from URL [file:/D:/opensrpThriveMaster/opensrp-server/opensrp-web/target/classes/spring/securityContext.xml]
[REPORT] 29032016 01:45:32,847 INFO  [main] [SpringSecurityCoreVersion] You are running with Spring Security Core 3.1.0.RELEASE
[REPORT] 29032016 01:45:32,847 INFO  [main] [SecurityNamespaceHandler] Spring Security 'config' module version is 3.1.0.RELEASE
[REPORT] 29032016 01:45:32,903 INFO  [main] [AuthenticationConfigBuilder] No login page configured. The default internal one will be used. Use the 'login-page' attribute to set the URL of the login page.
[REPORT] 29032016 01:45:32,908 INFO  [main] [HttpSecurityBeanDefinitionParser] Checking sorted filter chain: [Root bean: class [org.springframework.security.web.context.SecurityContextPersistenceFilter]; scope=; abstract=false; lazyInit=false; autowireMode=0; dependencyCheck=0; autowireCandidate=true; primary=false; factoryBeanName=null; factoryMethodName=null; initMethodName=null; destroyMethodName=null, order = 300, Root bean: class [org.springframework.security.web.authentication.logout.LogoutFilter]; scope=; abstract=false; lazyInit=false; autowireMode=0; dependencyCheck=0; autowireCandidate=true; primary=false; factoryBeanName=null; factoryMethodName=null; initMethodName=null; destroyMethodName=null, order = 400, <org.springframework.security.web.authentication.UsernamePasswordAuthenticationFilter#0>, order = 800, Root bean: class [org.springframework.security.web.authentication.ui.DefaultLoginPageGeneratingFilter]; scope=; abstract=false; lazyInit=false; autowireMode=0; dependencyCheck=0; autowireCandidate=true; primary=false; factoryBeanName=null; factoryMethodName=null; initMethodName=null; destroyMethodName=null, order = 1000, Root bean: class [org.springframework.security.web.authentication.www.BasicAuthenticationFilter]; scope=; abstract=false; lazyInit=false; autowireMode=0; dependencyCheck=0; autowireCandidate=true; primary=false; factoryBeanName=null; factoryMethodName=null; initMethodName=null; destroyMethodName=null, order = 1200, Root bean: class [org.springframework.security.web.servletapi.SecurityContextHolderAwareRequestFilter]; scope=; abstract=false; lazyInit=false; autowireMode=0; dependencyCheck=0; autowireCandidate=true; primary=false; factoryBeanName=null; factoryMethodName=null; initMethodName=null; destroyMethodName=null, order = 1400, Root bean: class [org.springframework.security.web.authentication.AnonymousAuthenticationFilter]; scope=; abstract=false; lazyInit=false; autowireMode=0; dependencyCheck=0; autowireCandidate=true; primary=false; factoryBeanName=null; factoryMethodName=null; initMethodName=null; destroyMethodName=null, order = 1700, Root bean: class [org.springframework.security.web.access.ExceptionTranslationFilter]; scope=; abstract=false; lazyInit=false; autowireMode=0; dependencyCheck=0; autowireCandidate=true; primary=false; factoryBeanName=null; factoryMethodName=null; initMethodName=null; destroyMethodName=null, order = 1900, <org.springframework.security.web.access.intercept.FilterSecurityInterceptor#0>, order = 2000]
[REPORT] 29032016 01:45:32,934 INFO  [main] [ClassPathBeanDefinitionScanner] JSR-250 'javax.annotation.ManagedBean' found and supported for component scanning
[REPORT] 29032016 01:45:32,934 INFO  [main] [ClassPathBeanDefinitionScanner] JSR-330 'javax.inject.Named' annotation found and supported for component scanning
[REPORT] 29032016 01:45:32,965 INFO  [main] [ClassPathBeanDefinitionScanner] JSR-250 'javax.annotation.ManagedBean' found and supported for component scanning
[REPORT] 29032016 01:45:32,965 INFO  [main] [ClassPathBeanDefinitionScanner] JSR-330 'javax.inject.Named' annotation found and supported for component scanning
[REPORT] 29032016 01:45:33,381 INFO  [main] [PropertyPlaceholderConfigurer] Loading properties file from URL [file:/D:/opensrpThriveMaster/opensrp-server/opensrp-web/target/classes/maven.properties]
[REPORT] 29032016 01:45:33,381 INFO  [main] [PropertyPlaceholderConfigurer] Loading properties file from URL [jar:file:/C:/Users/Maimoona/.m2/repository/org/opensrp/opensrp-core/0.1-SNAPSHOT/opensrp-core-0.1-SNAPSHOT.jar!/maven.properties]
[REPORT] 29032016 01:45:33,381 INFO  [main] [PropertyPlaceholderConfigurer] Loading properties file from URL [jar:file:/C:/Users/Maimoona/.m2/repository/org/opensrp/opensrp-form/0.1-SNAPSHOT/opensrp-form-0.1-SNAPSHOT.jar!/maven.properties]
[REPORT] 29032016 01:45:33,381 INFO  [main] [PropertyPlaceholderConfigurer] Loading properties file from URL [jar:file:/C:/Users/Maimoona/.m2/repository/org/opensrp/opensrp-connector/0.1-SNAPSHOT/opensrp-connector-0.1-SNAPSHOT.jar!/maven.properties]
[REPORT] 29032016 01:45:33,382 INFO  [main] [PropertyPlaceholderConfigurer] Loading properties file from URL [file:/D:/opensrpThriveMaster/opensrp-server/opensrp-web/target/classes/activemq.properties]
[REPORT] 29032016 01:45:33,382 INFO  [main] [PropertyPlaceholderConfigurer] Loading properties file from URL [jar:file:/C:/Users/Maimoona/.m2/repository/org/opensrp/opensrp-core/0.1-SNAPSHOT/opensrp-core-0.1-SNAPSHOT.jar!/activemq.properties]
[REPORT] 29032016 01:45:33,382 INFO  [main] [PropertyPlaceholderConfigurer] Loading properties file from URL [jar:file:/C:/Users/Maimoona/.m2/repository/org/motechproject/motech-platform-scheduler/0.11/motech-platform-scheduler-0.11.jar!/activemq.properties]
[REPORT] 29032016 01:45:33,382 INFO  [main] [PropertyPlaceholderConfigurer] Loading properties file from URL [jar:file:/C:/Users/Maimoona/.m2/repository/org/opensrp/opensrp-form/0.1-SNAPSHOT/opensrp-form-0.1-SNAPSHOT.jar!/activemq.properties]
[REPORT] 29032016 01:45:33,382 INFO  [main] [PropertyPlaceholderConfigurer] Loading properties file from URL [jar:file:/C:/Users/Maimoona/.m2/repository/org/motechproject/motech-scheduler/0.11/motech-scheduler-0.11.jar!/activemq.properties]
[REPORT] 29032016 01:45:33,382 INFO  [main] [PropertyPlaceholderConfigurer] Loading properties file from URL [jar:file:/C:/Users/Maimoona/.m2/repository/org/opensrp/opensrp-connector/0.1-SNAPSHOT/opensrp-connector-0.1-SNAPSHOT.jar!/activemq.properties]
[REPORT] 29032016 01:45:33,388 INFO  [main] [PropertyPlaceholderConfigurer] Loading properties file from class path resource [activemq.properties]
[REPORT] 29032016 01:45:33,390 INFO  [main] [PropertyPlaceholderConfigurer] Loading properties file from class path resource [activemq.properties]
[REPORT] 29032016 01:45:33,392 INFO  [main] [PropertyPlaceholderConfigurer] Loading properties file from class path resource [activemq.properties]
[REPORT] 29032016 01:45:33,394 INFO  [main] [PropertyPlaceholderConfigurer] Loading properties file from class path resource [activemq.properties]
[REPORT] 29032016 01:45:33,396 INFO  [main] [PropertyPlaceholderConfigurer] Loading properties file from URL [file:/D:/opensrpThriveMaster/opensrp-server/opensrp-web/target/classes/maven.properties]
[REPORT] 29032016 01:45:33,396 INFO  [main] [PropertyPlaceholderConfigurer] Loading properties file from URL [jar:file:/C:/Users/Maimoona/.m2/repository/org/opensrp/opensrp-core/0.1-SNAPSHOT/opensrp-core-0.1-SNAPSHOT.jar!/maven.properties]
[REPORT] 29032016 01:45:33,396 INFO  [main] [PropertyPlaceholderConfigurer] Loading properties file from URL [jar:file:/C:/Users/Maimoona/.m2/repository/org/opensrp/opensrp-form/0.1-SNAPSHOT/opensrp-form-0.1-SNAPSHOT.jar!/maven.properties]
[REPORT] 29032016 01:45:33,396 INFO  [main] [PropertyPlaceholderConfigurer] Loading properties file from URL [jar:file:/C:/Users/Maimoona/.m2/repository/org/opensrp/opensrp-connector/0.1-SNAPSHOT/opensrp-connector-0.1-SNAPSHOT.jar!/maven.properties]
[REPORT] 29032016 01:45:33,398 INFO  [main] [PropertyPlaceholderConfigurer] Loading properties file from URL [file:/D:/opensrpThriveMaster/opensrp-server/opensrp-web/target/classes/maven.properties]
[REPORT] 29032016 01:45:33,398 INFO  [main] [PropertyPlaceholderConfigurer] Loading properties file from URL [jar:file:/C:/Users/Maimoona/.m2/repository/org/opensrp/opensrp-core/0.1-SNAPSHOT/opensrp-core-0.1-SNAPSHOT.jar!/maven.properties]
[REPORT] 29032016 01:45:33,398 INFO  [main] [PropertyPlaceholderConfigurer] Loading properties file from URL [jar:file:/C:/Users/Maimoona/.m2/repository/org/opensrp/opensrp-form/0.1-SNAPSHOT/opensrp-form-0.1-SNAPSHOT.jar!/maven.properties]
[REPORT] 29032016 01:45:33,398 INFO  [main] [PropertyPlaceholderConfigurer] Loading properties file from URL [jar:file:/C:/Users/Maimoona/.m2/repository/org/opensrp/opensrp-connector/0.1-SNAPSHOT/opensrp-connector-0.1-SNAPSHOT.jar!/maven.properties]
[REPORT] 29032016 01:45:33,400 INFO  [main] [PropertyPlaceholderConfigurer] Loading properties file from class path resource [activemq.properties]
[REPORT] 29032016 01:45:33,402 INFO  [main] [PropertyPlaceholderConfigurer] Loading properties file from URL [file:/D:/opensrpThriveMaster/opensrp-server/opensrp-web/target/classes/maven.properties]
[REPORT] 29032016 01:45:33,403 INFO  [main] [PropertyPlaceholderConfigurer] Loading properties file from URL [jar:file:/C:/Users/Maimoona/.m2/repository/org/opensrp/opensrp-core/0.1-SNAPSHOT/opensrp-core-0.1-SNAPSHOT.jar!/maven.properties]
[REPORT] 29032016 01:45:33,403 INFO  [main] [PropertyPlaceholderConfigurer] Loading properties file from URL [jar:file:/C:/Users/Maimoona/.m2/repository/org/opensrp/opensrp-form/0.1-SNAPSHOT/opensrp-form-0.1-SNAPSHOT.jar!/maven.properties]
[REPORT] 29032016 01:45:33,403 INFO  [main] [PropertyPlaceholderConfigurer] Loading properties file from URL [jar:file:/C:/Users/Maimoona/.m2/repository/org/opensrp/opensrp-connector/0.1-SNAPSHOT/opensrp-connector-0.1-SNAPSHOT.jar!/maven.properties]
[REPORT] 29032016 01:45:33,405 INFO  [main] [DefaultConfiguringBeanFactoryPostProcessor] No bean named 'errorChannel' has been explicitly defined. Therefore, a default PublishSubscribeChannel will be created.
[REPORT] 29032016 01:45:33,405 INFO  [main] [DefaultConfiguringBeanFactoryPostProcessor] No bean named 'taskScheduler' has been explicitly defined. Therefore, a default ThreadPoolTaskScheduler will be created.
[REPORT] 29032016 01:45:33,421 INFO  [main] [AutowiredAnnotationBeanPostProcessor] JSR-330 'javax.inject.Inject' annotation found and supported for autowiring
[REPORT] 29032016 01:45:33,445 INFO  [main] [DefaultListableBeanFactory] Pre-instantiating singletons in org.springframework.beans.factory.support.DefaultListableBeanFactory@6abad7e3: defining beans [org.springframework.beans.factory.config.PropertyPlaceholderConfigurer#0,org.springframework.beans.factory.config.PropertyPlaceholderConfigurer#1,org.springframework.context.annotation.internalConfigurationAnnotationProcessor,org.springframework.context.annotation.internalAutowiredAnnotationProcessor,org.springframework.context.annotation.internalRequiredAnnotationProcessor,org.springframework.context.annotation.internalCommonAnnotationProcessor,org.springframework.beans.factory.config.PropertyPlaceholderConfigurer#2,channelInitializer,$autoCreateChannelCandidates,org.springframework.integration.internalDefaultConfiguringBeanFactoryPostProcessor,schedulerFireEventGateway,schedulerGatewayToEventJmsoutChannel,org.springframework.integration.jms.JmsSendingMessageHandler#0,schedulerjmsout,org.springframework.jms.listener.DefaultMessageListenerContainer#0,org.springframework.integration.jms.ChannelPublishingJmsMessageListener#0,jmsin,jmsinToSchedulerChannel,org.springframework.integration.config.RouterFactoryBean#0,org.springframework.integration.config.ConsumerEndpointFactoryBean#0,scheduleChannel,scheduleRunOnceChannel,scheduleRepeatingChannel,unscheduleChannel,org.springframework.integration.handler.MethodInvokingMessageHandler#0,org.springframework.integration.config.ConsumerEndpointFactoryBean#1,org.springframework.integration.handler.MethodInvokingMessageHandler#1,org.springframework.integration.config.ConsumerEndpointFactoryBean#2,org.springframework.integration.handler.MethodInvokingMessageHandler#2,org.springframework.integration.config.ConsumerEndpointFactoryBean#3,org.springframework.integration.handler.MethodInvokingMessageHandler#3,org.springframework.integration.config.ConsumerEndpointFactoryBean#4,quartzProperties,connectionFactory,schedulerQueue,eventQueue,schedulerFactoryBean,schedulerService,org.springframework.beans.factory.config.PropertyPlaceholderConfigurer#3,outboundEventGateway,eventGatewayToEventJmsoutChannel,org.springframework.integration.jms.JmsSendingMessageHandler#1,eventjmsout,org.springframework.beans.factory.config.PropertyPlaceholderConfigurer#4,org.springframework.jms.listener.DefaultMessageListenerContainer#1,org.springframework.integration.jms.ChannelPublishingJmsMessageListener#1,eventChannel,org.springframework.integration.handler.MethodInvokingMessageHandler#4,outboundChannelAdapter,outboundScheduleJobGateway,scheduleJobGatewayToEventJmsoutChannel,org.springframework.integration.jms.JmsSendingMessageHandler#2,schedulejmsout,couchdbProperties,allRules,httpClient,couchDbInstance,ruleDatabase,metricsAgent,loggingAgent,statsdAgent,eventRelay,eventListenerRegistry,motechContext,eventContext,osgiConfig,osgiFramework,osgiFrameworkService,eventAnnotationBeanPostProcessor,smsHttpProperties,smsSendHandler,templateReader,smsHttpService,inboundSmsController,multiThreadedHttpConnectionManager,commonsHttpClient,smsAuditService,smsApiProperties,messageSplitter,smsServiceImpl,smsService,schedule_tracking,scheduleTrackingDbConnector,scheduleFactory,allEnrollments,allSchedules,trackedSchedulesJsonReaderImpl,endOfMilestoneListener,enrollmentAlertService,enrollmentDefaultmentService,enrollmentRecordMapper,enrollmentService,enrollmentsQueryService,scheduleTrackingService,org.springframework.beans.factory.config.PropertyPlaceholderConfigurer#5,opensrp,actionController,ANMLocationController,auditMessageController,errorTraceController,fakeActionController,fakeTimeController,formDownLoadController,formSubmissionController,locationController,reportController,userController,xlsFormDownloaderController,applicationStartupListener,clientResource,eventResource,providerResource,rapidClientResource,drishtiAuthenticationProvider,allAppStateTokens,allBaseEntities,allClients,allErrorTrace,allEvents,allLocations,allProviders,allUsers,luceneClientRepository,luceneDbConnector,luceneEventRepository,multimediaRepository,alertCreationAction,alertHandler,alertRouter,healthSchedulerService,allActions,allAlerts,scheduleConfig,actionService,allEnrollmentWrapper,allScheduleWrapper,scheduleService,taskSchedulerService,baseEntityService,clientService,configService,errorTraceService,eventService,formEntityConverter,formSubmissionListener,formSubmissionProcessor,formSubmissionRouter,handlerMapper,entityDataMap,ziggyDataHandler,ziggyFileLoader,ziggyService,locationService,multimediaService,providerService,userService,xlsFormDownloaderService,auditor,reportMonth,monitor,httpAgent,allFormSubmissions,formAttributeParser,formSubmissionService,allFailedEventsCouchImpl,allMarkersCouchImpl,httpUtil,encounterAtomfeed,patientAtomfeed,openmrsSyncerListener,encounterService,householdService,openmrsLocationService,openmrsReportingService,openmrsSchedulerService,openmrsUserService,patientService,opensrpDatabaseConnector,opensrpMCTSDatabaseConnector,opensrpErrorTraceDatabaseConnector,org.springframework.beans.factory.config.PropertyPlaceholderConfigurer#6,opensrpFormDatabaseConnector,org.springframework.beans.factory.config.PropertyPlaceholderConfigurer#7,org.springframework.beans.factory.config.PropertyPlaceholderConfigurer#8,atomfeedDatabaseConnector,org.springframework.security.filterChains,org.springframework.security.filterChainProxy,org.springframework.security.web.PortMapperImpl#0,org.springframework.security.config.authentication.AuthenticationManagerFactoryBean#0,org.springframework.security.authentication.ProviderManager#0,org.springframework.security.web.context.NullSecurityContextRepository#0,org.springframework.security.web.savedrequest.NullRequestCache#0,org.springframework.security.access.vote.AffirmativeBased#0,org.springframework.security.web.access.intercept.FilterSecurityInterceptor#0,org.springframework.security.web.access.DefaultWebInvocationPrivilegeEvaluator#0,org.springframework.security.authentication.AnonymousAuthenticationProvider#0,org.springframework.security.web.authentication.www.BasicAuthenticationEntryPoint#0,org.springframework.security.web.authentication.UsernamePasswordAuthenticationFilter#0,org.springframework.security.userDetailsServiceFactory,org.springframework.security.web.DefaultSecurityFilterChain#0,shaPasswordEncoder,opensrpAuthenticationProvider,org.springframework.security.authentication.DefaultAuthenticationEventPublisher#0,org.springframework.security.authenticationManager,org.springframework.web.servlet.resource.DefaultServletHttpRequestHandler#0,org.springframework.web.servlet.handler.SimpleUrlHandlerMapping#0,org.springframework.web.servlet.handler.BeanNameUrlHandlerMapping,org.springframework.web.servlet.mvc.HttpRequestHandlerAdapter,org.springframework.web.servlet.mvc.SimpleControllerHandlerAdapter,org.springframework.web.servlet.mvc.method.annotation.RequestMappingHandlerMapping#0,org.springframework.format.support.FormattingConversionServiceFactoryBean#0,org.springframework.web.servlet.mvc.method.annotation.RequestMappingHandlerAdapter#0,org.springframework.web.servlet.handler.MappedInterceptor#0,org.springframework.web.servlet.mvc.method.annotation.ExceptionHandlerExceptionResolver#0,org.springframework.web.servlet.mvc.annotation.ResponseStatusExceptionResolver#0,org.springframework.web.servlet.mvc.support.DefaultHandlerExceptionResolver#0,org.springframework.context.annotation.ConfigurationClassPostProcessor$ImportAwareBeanPostProcessor#0,nullChannel,errorChannel,_org.springframework.integration.errorLogger,taskScheduler,org.springframework.integration.config.IdGeneratorConfigurer#0]; root of factory hierarchy
[REPORT] 29032016 01:45:33,625 INFO  [main] [ThreadPoolTaskScheduler] Initializing ExecutorService  'taskScheduler'
[REPORT] 29032016 01:45:33,688 INFO  [main] [GatewayProxyFactoryBean$MethodInvocationGateway] started schedulerFireEventGateway
[REPORT] 29032016 01:45:33,688 INFO  [main] [GatewayProxyFactoryBean] started schedulerFireEventGateway
[REPORT] 29032016 01:45:34,391 INFO  [main] [GatewayProxyFactoryBean$MethodInvocationGateway] started outboundEventGateway
[REPORT] 29032016 01:45:34,392 INFO  [main] [GatewayProxyFactoryBean] started outboundEventGateway
[REPORT] 29032016 01:45:34,406 INFO  [main] [GatewayProxyFactoryBean$MethodInvocationGateway] started outboundScheduleJobGateway
[REPORT] 29032016 01:45:34,406 INFO  [main] [GatewayProxyFactoryBean$MethodInvocationGateway] started outboundScheduleJobGateway
[REPORT] 29032016 01:45:34,406 INFO  [main] [GatewayProxyFactoryBean$MethodInvocationGateway] started outboundScheduleJobGateway
[REPORT] 29032016 01:45:34,406 INFO  [main] [GatewayProxyFactoryBean$MethodInvocationGateway] started outboundScheduleJobGateway
[REPORT] 29032016 01:45:34,406 INFO  [main] [GatewayProxyFactoryBean] started outboundScheduleJobGateway
[REPORT] 29032016 01:45:34,516 INFO  [main] [SchedulerFactoryBean] Loading Quartz config from [class path resource [quartz.properties]]
[REPORT] 29032016 01:45:34,702 INFO  [main] [MLog] MLog clients using log4j logging.
[REPORT] 29032016 01:45:35,080 INFO  [main] [C3P0Registry] Initializing c3p0-0.9.1.1 [built 15-March-2007 01:32:31; debug? true; trace: 10]
[REPORT] 29032016 01:45:35,434 INFO  [main] [PropertiesFactoryBean] Loading properties file from class path resource [quartz.properties]
[REPORT] 29032016 01:45:54,644 INFO  [main] [PropertiesFactoryBean] Loading properties file from class path resource [couchdb.properties]
[REPORT] 29032016 01:45:54,706 INFO  [main] [HttpClientFactoryBean] Starting couchDb connector on localhost:5984...
[REPORT] 29032016 01:45:56,311 INFO  [main] [PropertiesFactoryBean] Loading properties file from class path resource [osgi.properties]
[REPORT] 29032016 01:45:56,911 INFO  [main] [PropertiesFactoryBean] Loading properties file from class path resource [sms-http.properties]
[REPORT] 29032016 01:45:57,807 INFO  [main] [PropertiesFactoryBean] Loading properties file from class path resource [sms-api.properties]
[REPORT] 29032016 01:45:57,843 INFO  [main] [PropertiesFactoryBean] Loading properties file from class path resource [schedule_tracking.properties]
[REPORT] 29032016 01:45:57,848 INFO  [main] [PropertiesFactoryBean] Loading properties file from class path resource [opensrp.properties]
/form
[REPORT] 29032016 01:46:05,459 INFO  [main] [opensrp] Loading automated schedules from /D:/opensrpThriveMaster/opensrp-server/opensrp-web/target/classes/schedules/schedule-config.xls
[REPORT] 29032016 01:46:05,961 INFO  [main] [opensrp] Found 26 automated schedules
[REPORT] 29032016 01:46:05,962 DEBUG [main] [opensrp] {"milestone":"penta1","passLogic":"${fs.penta1} == empty and ${fs.penta1_retro} == empty","schedule":"PENTAVALENT 1","form":"child_enrollment","triggerDateField":"dob","action":"enroll","entityType":"pkchild"}
[REPORT] 29032016 01:46:05,963 DEBUG [main] [opensrp] {"milestone":"penta1","passLogic":"","schedule":"PENTAVALENT 1","form":"child_followup","triggerDateField":"penta1","action":"fulfill","entityType":"pkchild"}
[REPORT] 29032016 01:46:05,963 DEBUG [main] [opensrp] {"milestone":"penta1","passLogic":"","schedule":"PENTAVALENT 1","form":"child_followup","triggerDateField":"penta1_retro","action":"unenroll","entityType":"pkchild"}
[REPORT] 29032016 01:46:05,964 DEBUG [main] [opensrp] {"milestone":"penta2","passLogic":"${fs.penta2} == empty and ${fs.penta2_retro} == empty","schedule":"PENTAVALENT 2","form":"child_enrollment","triggerDateField":"penta1, penta1_retro","action":"enroll","entityType":"pkchild"}
[REPORT] 29032016 01:46:05,964 DEBUG [main] [opensrp] {"milestone":"penta2","passLogic":"${fs.penta2} == empty and ${fs.penta2_retro} == empty","schedule":"PENTAVALENT 2","form":"child_followup","triggerDateField":"penta1, penta1_retro","action":"enroll","entityType":"pkchild"}
[REPORT] 29032016 01:46:05,964 DEBUG [main] [opensrp] {"milestone":"penta2","passLogic":"","schedule":"PENTAVALENT 2","form":"child_followup","triggerDateField":"penta2","action":"fulfill","entityType":"pkchild"}
[REPORT] 29032016 01:46:05,964 DEBUG [main] [opensrp] {"milestone":"penta2","passLogic":"","schedule":"PENTAVALENT 2","form":"child_followup","triggerDateField":"penta2_retro","action":"unenroll","entityType":"pkchild"}
[REPORT] 29032016 01:46:05,964 DEBUG [main] [opensrp] {"milestone":"penta3","passLogic":"${fs.penta3} == empty and ${fs.penta3_retro} == empty","schedule":"PENTAVALENT 3","form":"child_enrollment","triggerDateField":"penta2, penta2_retro","action":"enroll","entityType":"pkchild"}
[REPORT] 29032016 01:46:05,965 DEBUG [main] [opensrp] {"milestone":"penta3","passLogic":"${fs.penta3} == empty and ${fs.penta3_retro} == empty","schedule":"PENTAVALENT 3","form":"child_followup","triggerDateField":"penta2, penta2_retro","action":"enroll","entityType":"pkchild"}
[REPORT] 29032016 01:46:05,965 DEBUG [main] [opensrp] {"milestone":"penta3","passLogic":"","schedule":"PENTAVALENT 3","form":"child_followup","triggerDateField":"penta3","action":"fulfill","entityType":"pkchild"}
[REPORT] 29032016 01:46:05,965 DEBUG [main] [opensrp] {"milestone":"penta3","passLogic":"","schedule":"PENTAVALENT 3","form":"child_followup","triggerDateField":"penta3_retro","action":"unenroll","entityType":"pkchild"}
[REPORT] 29032016 01:46:05,966 DEBUG [main] [opensrp] {"milestone":"measles1","passLogic":"${fs.measles_1} == empty and ${fs.measles_1_retro} == empty","schedule":"Measles 1","form":"child_enrollment","triggerDateField":"dob","action":"enroll","entityType":"pkchild"}
[REPORT] 29032016 01:46:05,966 DEBUG [main] [opensrp] {"milestone":"measles1","passLogic":"","schedule":"Measles 1","form":"child_followup","triggerDateField":"measles_1","action":"fulfill","entityType":"pkchild"}
[REPORT] 29032016 01:46:05,966 DEBUG [main] [opensrp] {"milestone":"measles1","passLogic":"","schedule":"Measles 1","form":"child_followup","triggerDateField":"measles_1_retro","action":"unenroll","entityType":"pkchild"}
[REPORT] 29032016 01:46:05,966 DEBUG [main] [opensrp] {"milestone":"measles2","passLogic":"${fs.measles_2} == empty and ${fs.measles_2_retro} == empty","schedule":"Measles 2","form":"child_enrollment","triggerDateField":"measles_1, measles_1_retro","action":"enroll","entityType":"pkchild"}
[REPORT] 29032016 01:46:05,966 DEBUG [main] [opensrp] {"milestone":"measles2","passLogic":"${fs.measles_2} == empty and ${fs.measles_2_retro} == empty","schedule":"Measles 2","form":"child_followup","triggerDateField":"measles_1, measles_1_retro","action":"enroll","entityType":"pkchild"}
[REPORT] 29032016 01:46:05,967 DEBUG [main] [opensrp] {"milestone":"measles2","passLogic":"","schedule":"Measles 2","form":"child_followup","triggerDateField":"measles_2","action":"fulfill","entityType":"pkchild"}
[REPORT] 29032016 01:46:05,967 DEBUG [main] [opensrp] {"milestone":"measles2","passLogic":"","schedule":"Measles 2","form":"child_followup","triggerDateField":"measles_2_retro","action":"unenroll","entityType":"pkchild"}
[REPORT] 29032016 01:46:05,967 DEBUG [main] [opensrp] {"milestone":"tt2","passLogic":"${fs.tt2} == empty and ${fs.tt2_retro} == empty","schedule":"TT 2","form":"woman_enrollment,woman_followup","triggerDateField":"tt1,tt1_retro","action":"enroll","entityType":"pkwoman"}
[REPORT] 29032016 01:46:05,967 DEBUG [main] [opensrp] {"milestone":"tt2","passLogic":"","schedule":"TT 2","form":"woman_followup","triggerDateField":"tt2","action":"fulfill","entityType":"pkwoman"}
[REPORT] 29032016 01:46:05,967 DEBUG [main] [opensrp] {"milestone":"tt3","passLogic":"${fs.tt3} == empty and ${fs.tt3_retro} == empty","schedule":"TT 3","form":"woman_enrollment,woman_followup","triggerDateField":"tt2,tt2_retro","action":"enroll","entityType":"pkwoman"}
[REPORT] 29032016 01:46:05,968 DEBUG [main] [opensrp] {"milestone":"tt3","passLogic":"","schedule":"TT 3","form":"woman_followup","triggerDateField":"tt3","action":"fulfill","entityType":"pkwoman"}
[REPORT] 29032016 01:46:05,968 DEBUG [main] [opensrp] {"milestone":"tt4","passLogic":"${fs.tt4} == empty and ${fs.tt4_retro} == empty","schedule":"TT 4","form":"woman_enrollment,woman_followup","triggerDateField":"tt3,tt3_retro","action":"enroll","entityType":"pkwoman"}
[REPORT] 29032016 01:46:05,968 DEBUG [main] [opensrp] {"milestone":"tt4","passLogic":"","schedule":"TT 4","form":"woman_followup","triggerDateField":"tt4","action":"fulfill","entityType":"pkwoman"}
[REPORT] 29032016 01:46:05,968 DEBUG [main] [opensrp] {"milestone":"tt5","passLogic":"${fs.tt5} == empty and ${fs.tt5_retro} == empty","schedule":"TT 5","form":"woman_enrollment,woman_followup","triggerDateField":"tt4,tt4_retro","action":"enroll","entityType":"pkwoman"}
[REPORT] 29032016 01:46:05,968 DEBUG [main] [opensrp] {"milestone":"tt5","passLogic":"","schedule":"TT 5","form":"woman_followup","triggerDateField":"tt5","action":"fulfill","entityType":"pkwoman"}
[REPORT] 29032016 01:46:06,008 INFO  [main] [AlertRouter] ADDED ROUTE:org.opensrp.scheduler.Route@544cd11b
[REPORT] 29032016 01:46:07,456 INFO  [main] [DefaultSecurityFilterChain] Creating filter chain: org.springframework.security.web.util.AnyRequestMatcher@1, [org.springframework.security.web.context.SecurityContextPersistenceFilter@19f6230, org.springframework.security.web.authentication.logout.LogoutFilter@6e73e25, org.springframework.security.web.authentication.UsernamePasswordAuthenticationFilter@37a0f2ad, org.springframework.security.web.authentication.ui.DefaultLoginPageGeneratingFilter@279c5863, org.springframework.security.web.authentication.www.BasicAuthenticationFilter@96edfe6, org.springframework.security.web.servletapi.SecurityContextHolderAwareRequestFilter@4e2d79e0, org.springframework.security.web.authentication.AnonymousAuthenticationFilter@b9c8939, org.springframework.security.web.access.ExceptionTranslationFilter@51f50323, org.springframework.security.web.access.intercept.FilterSecurityInterceptor@2ca118de]
[REPORT] 29032016 01:46:07,635 INFO  [main] [SimpleUrlHandlerMapping] Mapped URL path [/**] onto handler 'org.springframework.web.servlet.resource.DefaultServletHttpRequestHandler#0'
[REPORT] 29032016 01:46:07,710 INFO  [main] [RequestMappingHandlerMapping] Mapped "{[/sms/inbound],methods=[],params=[],headers=[],consumes=[],produces=[],custom=[]}" onto public void org.motechproject.sms.http.web.InboundSmsController.handle(javax.servlet.http.HttpServletRequest)
[REPORT] 29032016 01:46:07,711 INFO  [main] [RequestMappingHandlerMapping] Mapped "{[/actions],methods=[GET],params=[],headers=[],consumes=[],produces=[],custom=[]}" onto public java.util.List<org.opensrp.dto.Action> org.opensrp.web.controller.ActionController.getNewActionForANM(java.lang.String,java.lang.Long)
[REPORT] 29032016 01:46:07,711 INFO  [main] [RequestMappingHandlerMapping] Mapped "{[/anm-villages],methods=[GET],params=[],headers=[],consumes=[],produces=[],custom=[]}" onto public org.springframework.http.ResponseEntity<org.opensrp.dto.VillagesDTO> org.opensrp.web.controller.ANMLocationController.villagesForANM()
[REPORT] 29032016 01:46:07,711 INFO  [main] [RequestMappingHandlerMapping] Mapped "{[/audit/messages],methods=[GET],params=[],headers=[],consumes=[],produces=[],custom=[]}" onto public java.util.List<org.opensrp.web.controller.AuditMessageController$AuditMessageItem> org.opensrp.web.controller.AuditMessageController.getAuditMessages(long) throws java.io.IOException
[REPORT] 29032016 01:46:07,712 INFO  [main] [RequestMappingHandlerMapping] Mapped "{[/errorhandler/viewerror],methods=[GET],params=[],headers=[],consumes=[],produces=[],custom=[]}" onto public org.springframework.http.ResponseEntity<org.opensrp.domain.ErrorTraceForm> org.opensrp.web.controller.ErrorTraceController.showError(java.lang.String)
[REPORT] 29032016 01:46:07,712 INFO  [main] [RequestMappingHandlerMapping] Mapped "{[/errorhandler/index],methods=[GET],params=[],headers=[],consumes=[],produces=[],custom=[]}" onto public org.springframework.web.servlet.ModelAndView org.opensrp.web.controller.ErrorTraceController.showPage()
[REPORT] 29032016 01:46:07,712 INFO  [main] [RequestMappingHandlerMapping] Mapped "{[/errorhandler/update_status],methods=[GET],params=[],headers=[],consumes=[],produces=[],custom=[]}" onto public java.lang.String org.opensrp.web.controller.ErrorTraceController.UpdateStatus(java.lang.String,java.lang.String)
[REPORT] 29032016 01:46:07,713 INFO  [main] [RequestMappingHandlerMapping] Mapped "{[/errorhandler/errortrace],methods=[GET],params=[],headers=[],consumes=[],produces=[],custom=[]}" onto public org.springframework.http.ResponseEntity<java.util.List<org.opensrp.domain.ErrorTrace>> org.opensrp.web.controller.ErrorTraceController.allErrors()
[REPORT] 29032016 01:46:07,713 INFO  [main] [RequestMappingHandlerMapping] Mapped "{[/errorhandler/allerrors],methods=[GET],params=[],headers=[],consumes=[],produces=[],custom=[]}" onto public <T> org.springframework.http.ResponseEntity<T> org.opensrp.web.controller.ErrorTraceController.getAllErrors()
[REPORT] 29032016 01:46:07,713 INFO  [main] [RequestMappingHandlerMapping] Mapped "{[/errorhandler/unsolvederrors],methods=[GET],params=[],headers=[],consumes=[],produces=[],custom=[]}" onto public org.springframework.http.ResponseEntity<java.util.List<org.opensrp.domain.ErrorTrace>> org.opensrp.web.controller.ErrorTraceController.showUnsolved()
[REPORT] 29032016 01:46:07,713 INFO  [main] [RequestMappingHandlerMapping] Mapped "{[/errorhandler/solvederrors],methods=[GET],params=[],headers=[],consumes=[],produces=[],custom=[]}" onto public org.springframework.http.ResponseEntity<java.util.List<org.opensrp.domain.ErrorTrace>> org.opensrp.web.controller.ErrorTraceController.showSolved()
[REPORT] 29032016 01:46:07,713 INFO  [main] [RequestMappingHandlerMapping] Mapped "{[/errorhandler/update_errortrace],methods=[POST],params=[],headers=[],consumes=[],produces=[],custom=[]}" onto public java.lang.String org.opensrp.web.controller.ErrorTraceController.updateErrorTrace(javax.servlet.http.HttpServletRequest,org.opensrp.domain.ErrorTraceForm,org.springframework.validation.BindingResult)
[REPORT] 29032016 01:46:07,713 INFO  [main] [RequestMappingHandlerMapping] Mapped "{[/errorhandler/getstatusoptions],methods=[GET],params=[],headers=[],consumes=[],produces=[],custom=[]}" onto public org.springframework.http.ResponseEntity<java.util.List<java.lang.String>> org.opensrp.web.controller.ErrorTraceController.statusOptions()
[REPORT] 29032016 01:46:07,714 INFO  [main] [RequestMappingHandlerMapping] Mapped "{[/action/submit],methods=[POST],params=[],headers=[],consumes=[],produces=[],custom=[]}" onto public java.lang.String org.opensrp.web.controller.fake.FakeActionController.submitFakeAction(java.lang.String,java.lang.String) throws java.lang.Exception
[REPORT] 29032016 01:46:07,714 INFO  [main] [RequestMappingHandlerMapping] Mapped "{[/time/set],methods=[],params=[],headers=[],consumes=[],produces=[],custom=[]}" onto public java.lang.String org.opensrp.web.controller.fake.FakeTimeController.setTime(java.lang.Integer) throws java.io.IOException
[REPORT] 29032016 01:46:07,714 INFO  [main] [RequestMappingHandlerMapping] Mapped "{[/form//form-files],methods=[],params=[],headers=[],consumes=[],produces=[],custom=[]}" onto public byte[] org.opensrp.web.controller.FormDownLoadController.getForm(java.lang.String,javax.servlet.http.HttpServletResponse)
[REPORT] 29032016 01:46:07,714 INFO  [main] [RequestMappingHandlerMapping] Mapped "{[/form//latest-form-versions],methods=[],params=[],headers=[],consumes=[],produces=[],custom=[]}" onto public java.lang.String org.opensrp.web.controller.FormDownLoadController.getAllAvailableVersion()
[REPORT] 29032016 01:46:07,716 INFO  [main] [RequestMappingHandlerMapping] Mapped "{[/multimedia-file],methods=[GET],params=[],headers=[],consumes=[],produces=[application/json],custom=[]}" onto public java.util.List<org.opensrp.dto.form.MultimediaDTO> org.opensrp.web.controller.FormSubmissionController.getFiles(java.lang.String)
[REPORT] 29032016 01:46:07,717 INFO  [main] [RequestMappingHandlerMapping] Mapped "{[/form-submissions],methods=[POST],params=[],headers=[],consumes=[],produces=[application/json],custom=[]}" onto public org.springframework.http.ResponseEntity<org.springframework.http.HttpStatus> org.opensrp.web.controller.FormSubmissionController.submitForms(java.util.List<org.opensrp.dto.form.FormSubmissionDTO>)
[REPORT] 29032016 01:46:07,717 INFO  [main] [RequestMappingHandlerMapping] Mapped "{[/multimedia-file],methods=[POST],params=[],headers=[],consumes=[],produces=[multipart/form-data],custom=[]}" onto public org.springframework.http.ResponseEntity<java.lang.String> org.opensrp.web.controller.FormSubmissionController.uploadFiles(java.lang.String,java.lang.String,java.lang.String,java.lang.String,org.springframework.web.multipart.MultipartFile)
[REPORT] 29032016 01:46:07,717 INFO  [main] [RequestMappingHandlerMapping] Mapped "{[/form-submissions],methods=[GET],params=[],headers=[],consumes=[],produces=[],custom=[]}" onto private java.util.List<org.opensrp.dto.form.FormSubmissionDTO> org.opensrp.web.controller.FormSubmissionController.getNewSubmissionsForANM(java.lang.String,java.lang.Long,java.lang.Integer)
[REPORT] 29032016 01:46:07,718 INFO  [main] [RequestMappingHandlerMapping] Mapped "{[/all-form-submissions],methods=[GET],params=[],headers=[],consumes=[],produces=[],custom=[]}" onto private java.util.List<org.opensrp.dto.form.FormSubmissionDTO> org.opensrp.web.controller.FormSubmissionController.getAllFormSubmissions(java.lang.Long,java.lang.Integer)
[REPORT] 29032016 01:46:07,718 INFO  [main] [RequestMappingHandlerMapping] Mapped "{[/location//location-tree],methods=[],params=[],headers=[],consumes=[],produces=[],custom=[]}" onto public org.springframework.http.ResponseEntity<java.lang.String> org.opensrp.web.controller.LocationController.getLocationTree() throws org.json.JSONException
[REPORT] 29032016 01:46:07,718 INFO  [main] [RequestMappingHandlerMapping] Mapped "{[/location//location-tree/{uuid}],methods=[],params=[],headers=[],consumes=[],produces=[],custom=[]}" onto public org.springframework.http.ResponseEntity<java.lang.String> org.opensrp.web.controller.LocationController.getLocationTree(java.lang.String) throws org.json.JSONException
[REPORT] 29032016 01:46:07,719 INFO  [main] [RequestMappingHandlerMapping] Mapped "{[/report/report-data],methods=[GET],params=[],headers=[],consumes=[],produces=[],custom=[]}" onto public org.springframework.http.ResponseEntity<java.lang.String> org.opensrp.web.controller.ReportController.reportData(java.lang.String,java.util.Map<java.lang.String, java.lang.String>) throws org.json.JSONException
[REPORT] 29032016 01:46:07,719 INFO  [main] [RequestMappingHandlerMapping] Mapped "{[/report/report-definitions],methods=[GET],params=[],headers=[],consumes=[],produces=[],custom=[]}" onto public org.springframework.http.ResponseEntity<java.lang.String> org.opensrp.web.controller.ReportController.reportDefinitions() throws org.json.JSONException
[REPORT] 29032016 01:46:07,719 INFO  [main] [RequestMappingHandlerMapping] Mapped "{[/security/configuration],methods=[],params=[],headers=[],consumes=[],produces=[],custom=[]}" onto public org.springframework.http.ResponseEntity<java.lang.String> org.opensrp.web.controller.UserController.configuration() throws org.json.JSONException
[REPORT] 29032016 01:46:07,719 INFO  [main] [RequestMappingHandlerMapping] Mapped "{[/security/authenticate],methods=[],params=[],headers=[],consumes=[],produces=[],custom=[]}" onto public org.springframework.http.ResponseEntity<java.lang.String> org.opensrp.web.controller.UserController.authenticate() throws org.json.JSONException
[REPORT] 29032016 01:46:07,720 INFO  [main] [RequestMappingHandlerMapping] Mapped "{[/user-details],methods=[GET],params=[],headers=[],consumes=[],produces=[],custom=[]}" onto public org.springframework.http.ResponseEntity<org.opensrp.common.domain.UserDetail> org.opensrp.web.controller.UserController.userDetail(java.lang.String)
[REPORT] 29032016 01:46:07,720 INFO  [main] [RequestMappingHandlerMapping] Mapped "{[/authenticate-user],methods=[GET],params=[],headers=[],consumes=[],produces=[],custom=[]}" onto public org.springframework.http.ResponseEntity<org.springframework.http.HttpStatus> org.opensrp.web.controller.UserController.authenticateUser()
[REPORT] 29032016 01:46:07,720 INFO  [main] [RequestMappingHandlerMapping] Mapped "{[/xlsform/addfiles],methods=[POST],params=[],headers=[],consumes=[],produces=[],custom=[]}" onto public org.springframework.web.servlet.ModelAndView org.opensrp.web.controller.XlsFormDownloaderController.addFiles(javax.servlet.http.HttpServletRequest) throws java.io.UnsupportedEncodingException
[REPORT] 29032016 01:46:07,721 INFO  [main] [RequestMappingHandlerMapping] Mapped "{[/xlsform/index],methods=[GET],params=[],headers=[],consumes=[],produces=[],custom=[]}" onto public org.springframework.web.servlet.ModelAndView org.opensrp.web.controller.XlsFormDownloaderController.showPage(javax.servlet.http.HttpServletRequest) throws java.io.UnsupportedEncodingException
[REPORT] 29032016 01:46:07,722 INFO  [main] [RequestMappingHandlerMapping] Mapped "{[/rest/client/search],methods=[GET],params=[],headers=[],consumes=[],produces=[],custom=[]}" onto private java.util.List<T> org.opensrp.web.rest.RestResource.searchBy(javax.servlet.http.HttpServletRequest) throws java.text.ParseException
[REPORT] 29032016 01:46:07,722 INFO  [main] [RequestMappingHandlerMapping] Mapped "{[/rest/client],methods=[GET],params=[],headers=[],consumes=[],produces=[],custom=[]}" onto private java.util.List<T> org.opensrp.web.rest.RestResource.filterBy(java.lang.String)
[REPORT] 29032016 01:46:07,723 INFO  [main] [RequestMappingHandlerMapping] Mapped "{[/rest/client/{uniqueId}],methods=[GET],params=[],headers=[],consumes=[],produces=[],custom=[]}" onto private T org.opensrp.web.rest.RestResource.getById(java.lang.String)
[REPORT] 29032016 01:46:07,723 INFO  [main] [RequestMappingHandlerMapping] Mapped "{[/rest/client],methods=[POST],params=[],headers=[],consumes=[application/json],produces=[],custom=[]}" onto private T org.opensrp.web.rest.RestResource.createNew(T)
[REPORT] 29032016 01:46:07,723 INFO  [main] [RequestMappingHandlerMapping] Mapped "{[/rest/client/{uniqueId}],methods=[POST],params=[],headers=[],consumes=[application/json],produces=[],custom=[]}" onto private T org.opensrp.web.rest.RestResource.updateExisting(java.lang.String,T)
[REPORT] 29032016 01:46:07,724 INFO  [main] [RequestMappingHandlerMapping] Mapped "{[/rest/event/search],methods=[GET],params=[],headers=[],consumes=[],produces=[],custom=[]}" onto private java.util.List<T> org.opensrp.web.rest.RestResource.searchBy(javax.servlet.http.HttpServletRequest) throws java.text.ParseException
[REPORT] 29032016 01:46:07,724 INFO  [main] [RequestMappingHandlerMapping] Mapped "{[/rest/event],methods=[GET],params=[],headers=[],consumes=[],produces=[],custom=[]}" onto private java.util.List<T> org.opensrp.web.rest.RestResource.filterBy(java.lang.String)
[REPORT] 29032016 01:46:07,724 INFO  [main] [RequestMappingHandlerMapping] Mapped "{[/rest/event/{uniqueId}],methods=[GET],params=[],headers=[],consumes=[],produces=[],custom=[]}" onto private T org.opensrp.web.rest.RestResource.getById(java.lang.String)
[REPORT] 29032016 01:46:07,724 INFO  [main] [RequestMappingHandlerMapping] Mapped "{[/rest/event],methods=[POST],params=[],headers=[],consumes=[application/json],produces=[],custom=[]}" onto private T org.opensrp.web.rest.RestResource.createNew(T)
[REPORT] 29032016 01:46:07,725 INFO  [main] [RequestMappingHandlerMapping] Mapped "{[/rest/event/{uniqueId}],methods=[POST],params=[],headers=[],consumes=[application/json],produces=[],custom=[]}" onto private T org.opensrp.web.rest.RestResource.updateExisting(java.lang.String,T)
[REPORT] 29032016 01:46:07,725 INFO  [main] [RequestMappingHandlerMapping] Mapped "{[/rest/provider/authenticate],methods=[GET],params=[],headers=[],consumes=[],produces=[],custom=[]}" onto public java.util.Map<java.lang.String, java.lang.Object> org.opensrp.web.rest.ProviderResource.authenticate(javax.servlet.http.HttpServletRequest) throws org.json.JSONException
[REPORT] 29032016 01:46:07,725 INFO  [main] [RequestMappingHandlerMapping] Mapped "{[/rest/provider/search],methods=[GET],params=[],headers=[],consumes=[],produces=[],custom=[]}" onto private java.util.List<T> org.opensrp.web.rest.RestResource.searchBy(javax.servlet.http.HttpServletRequest) throws java.text.ParseException
[REPORT] 29032016 01:46:07,725 INFO  [main] [RequestMappingHandlerMapping] Mapped "{[/rest/provider],methods=[GET],params=[],headers=[],consumes=[],produces=[],custom=[]}" onto private java.util.List<T> org.opensrp.web.rest.RestResource.filterBy(java.lang.String)
[REPORT] 29032016 01:46:07,725 INFO  [main] [RequestMappingHandlerMapping] Mapped "{[/rest/provider/{uniqueId}],methods=[GET],params=[],headers=[],consumes=[],produces=[],custom=[]}" onto private T org.opensrp.web.rest.RestResource.getById(java.lang.String)
[REPORT] 29032016 01:46:07,726 INFO  [main] [RequestMappingHandlerMapping] Mapped "{[/rest/provider],methods=[POST],params=[],headers=[],consumes=[application/json],produces=[],custom=[]}" onto private T org.opensrp.web.rest.RestResource.createNew(T)
[REPORT] 29032016 01:46:07,726 INFO  [main] [RequestMappingHandlerMapping] Mapped "{[/rest/provider/{uniqueId}],methods=[POST],params=[],headers=[],consumes=[application/json],produces=[],custom=[]}" onto private T org.opensrp.web.rest.RestResource.updateExisting(java.lang.String,T)
[REPORT] 29032016 01:46:07,726 INFO  [main] [RequestMappingHandlerMapping] Mapped "{[/rest/rapid/client/cv],methods=[POST],params=[],headers=[],consumes=[],produces=[],custom=[]}" onto public java.util.Map<java.lang.String, java.lang.Object> org.opensrp.web.rest.rapid.RapidClientResource.createChild(javax.servlet.http.HttpServletRequest)
[REPORT] 29032016 01:46:07,727 INFO  [main] [RequestMappingHandlerMapping] Mapped "{[/rest/rapid/client/c],methods=[],params=[],headers=[],consumes=[],produces=[],custom=[]}" onto public java.util.Map<java.lang.String, java.lang.Object> org.opensrp.web.rest.rapid.RapidClientResource.findInfo(javax.servlet.http.HttpServletRequest)
[REPORT] 29032016 01:46:07,727 INFO  [main] [RequestMappingHandlerMapping] Mapped "{[/rest/rapid/client/uv],methods=[POST],params=[],headers=[],consumes=[],produces=[],custom=[]}" onto public java.util.Map<java.lang.String, java.lang.String> org.opensrp.web.rest.rapid.RapidClientResource.updateVaccine(javax.servlet.http.HttpServletRequest)
[REPORT] 29032016 01:46:10,204 INFO  [main] [DefaultLifecycleProcessor] Starting beans in phase -2147483648
[REPORT] 29032016 01:46:10,205 INFO  [main] [EventDrivenConsumer] Adding {jms:outbound-channel-adapter:schedulerjmsout} as a subscriber to the 'schedulerGatewayToEventJmsoutChannel' channel
[REPORT] 29032016 01:46:10,206 INFO  [main] [DirectChannel] Channel 'schedulerGatewayToEventJmsoutChannel' has 1 subscriber(s).
[REPORT] 29032016 01:46:10,206 INFO  [main] [EventDrivenConsumer] started schedulerjmsout
[REPORT] 29032016 01:46:10,206 INFO  [main] [EventDrivenConsumer] Adding {router} as a subscriber to the 'jmsinToSchedulerChannel' channel
[REPORT] 29032016 01:46:10,207 INFO  [main] [DirectChannel] Channel 'jmsinToSchedulerChannel' has 1 subscriber(s).
[REPORT] 29032016 01:46:10,207 INFO  [main] [EventDrivenConsumer] started org.springframework.integration.config.ConsumerEndpointFactoryBean#0
[REPORT] 29032016 01:46:10,207 INFO  [main] [EventDrivenConsumer] Adding {outbound-channel-adapter} as a subscriber to the 'scheduleChannel' channel
[REPORT] 29032016 01:46:10,207 INFO  [main] [DirectChannel] Channel 'scheduleChannel' has 1 subscriber(s).
[REPORT] 29032016 01:46:10,207 INFO  [main] [EventDrivenConsumer] started org.springframework.integration.config.ConsumerEndpointFactoryBean#1
[REPORT] 29032016 01:46:10,207 INFO  [main] [EventDrivenConsumer] Adding {outbound-channel-adapter} as a subscriber to the 'scheduleRunOnceChannel' channel
[REPORT] 29032016 01:46:10,207 INFO  [main] [DirectChannel] Channel 'scheduleRunOnceChannel' has 1 subscriber(s).
[REPORT] 29032016 01:46:10,208 INFO  [main] [EventDrivenConsumer] started org.springframework.integration.config.ConsumerEndpointFactoryBean#2
[REPORT] 29032016 01:46:10,208 INFO  [main] [EventDrivenConsumer] Adding {outbound-channel-adapter} as a subscriber to the 'scheduleRepeatingChannel' channel
[REPORT] 29032016 01:46:10,208 INFO  [main] [DirectChannel] Channel 'scheduleRepeatingChannel' has 1 subscriber(s).
[REPORT] 29032016 01:46:10,208 INFO  [main] [EventDrivenConsumer] started org.springframework.integration.config.ConsumerEndpointFactoryBean#3
[REPORT] 29032016 01:46:10,208 INFO  [main] [EventDrivenConsumer] Adding {outbound-channel-adapter} as a subscriber to the 'unscheduleChannel' channel
[REPORT] 29032016 01:46:10,208 INFO  [main] [DirectChannel] Channel 'unscheduleChannel' has 1 subscriber(s).
[REPORT] 29032016 01:46:10,208 INFO  [main] [EventDrivenConsumer] started org.springframework.integration.config.ConsumerEndpointFactoryBean#4
[REPORT] 29032016 01:46:10,219 INFO  [main] [EventDrivenConsumer] Adding {jms:outbound-channel-adapter:eventjmsout} as a subscriber to the 'eventGatewayToEventJmsoutChannel' channel
[REPORT] 29032016 01:46:10,219 INFO  [main] [DirectChannel] Channel 'eventGatewayToEventJmsoutChannel' has 1 subscriber(s).
[REPORT] 29032016 01:46:10,219 INFO  [main] [EventDrivenConsumer] started eventjmsout
[REPORT] 29032016 01:46:10,219 INFO  [main] [EventDrivenConsumer] Adding {outbound-channel-adapter:outboundChannelAdapter} as a subscriber to the 'eventChannel' channel
[REPORT] 29032016 01:46:10,219 INFO  [main] [DirectChannel] Channel 'eventChannel' has 1 subscriber(s).
[REPORT] 29032016 01:46:10,220 INFO  [main] [EventDrivenConsumer] started outboundChannelAdapter
[REPORT] 29032016 01:46:10,220 INFO  [main] [EventDrivenConsumer] Adding {jms:outbound-channel-adapter:schedulejmsout} as a subscriber to the 'scheduleJobGatewayToEventJmsoutChannel' channel
[REPORT] 29032016 01:46:10,220 INFO  [main] [DirectChannel] Channel 'scheduleJobGatewayToEventJmsoutChannel' has 1 subscriber(s).
[REPORT] 29032016 01:46:10,220 INFO  [main] [EventDrivenConsumer] started schedulejmsout
[REPORT] 29032016 01:46:10,220 INFO  [main] [EventDrivenConsumer] Adding {logging-channel-adapter:_org.springframework.integration.errorLogger} as a subscriber to the 'errorChannel' channel
[REPORT] 29032016 01:46:10,220 INFO  [main] [PublishSubscribeChannel] Channel 'errorChannel' has 1 subscriber(s).
[REPORT] 29032016 01:46:10,221 INFO  [main] [EventDrivenConsumer] started _org.springframework.integration.errorLogger
[REPORT] 29032016 01:46:10,221 INFO  [main] [DefaultLifecycleProcessor] Starting beans in phase 0
[REPORT] 29032016 01:46:10,221 INFO  [main] [ChannelPublishingJmsMessageListener$GatewayDelegate] started org.springframework.integration.jms.ChannelPublishingJmsMessageListener$GatewayDelegate@3a10bd1d
[REPORT] 29032016 01:46:10,557 INFO  [main] [CachingConnectionFactory] Established shared JMS Connection: ActiveMQConnection {id=ID:Maimoona-IHS-59560-1459197970428-0:1,clientId=null,started=false}
[REPORT] 29032016 01:46:10,638 INFO  [main] [JmsMessageDrivenEndpoint] started jmsin
[REPORT] 29032016 01:46:10,639 INFO  [main] [DefaultLifecycleProcessor] Starting beans in phase 2147483647
[REPORT] 29032016 01:46:10,639 INFO  [main] [SchedulerFactoryBean] Starting Quartz Scheduler now
[REPORT] 29032016 01:46:10,903 INFO  [main] [AbstractPoolBackedDataSource] Initializing c3p0 pool... com.mchange.v2.c3p0.ComboPooledDataSource [ acquireIncrement -> 3, acquireRetryAttempts -> 30, acquireRetryDelay -> 1000, autoCommitOnClose -> false, automaticTestTable -> null, breakAfterAcquireFailure -> false, checkoutTimeout -> 0, connectionCustomizerClassName -> null, connectionTesterClassName -> com.mchange.v2.c3p0.impl.DefaultConnectionTester, dataSourceName -> 1b60czk9f1gzlaqx1a7a4xe|2b36bc7f, debugUnreturnedConnectionStackTraces -> false, description -> null, driverClass -> com.mysql.jdbc.Driver, factoryClassLocation -> null, forceIgnoreUnresolvedTransactions -> false, identityToken -> 1b60czk9f1gzlaqx1a7a4xe|2b36bc7f, idleConnectionTestPeriod -> 0, initialPoolSize -> 3, jdbcUrl -> jdbc:mysql://localhost:3306/motechquartz, lastAcquisitionFailureDefaultUser -> null, maxAdministrativeTaskTime -> 0, maxConnectionAge -> 0, maxIdleTime -> 0, maxIdleTimeExcessConnections -> 0, maxPoolSize -> 30, maxStatements -> 0, maxStatementsPerConnection -> 120, minPoolSize -> 1, numHelperThreads -> 3, numThreadsAwaitingCheckoutDefaultUser -> 0, preferredTestQuery -> null, properties -> {user=******, password=******}, propertyCycle -> 0, testConnectionOnCheckin -> false, testConnectionOnCheckout -> false, unreturnedConnectionTimeout -> 0, usesTraditionalReflectiveProxies -> false ]
org.springframework.web.context.WebApplicationContext:
[REPORT] 29032016 01:46:11,512 INFO  [main] [ContextLoader] Root WebApplicationContext: initialization completed in 39870 ms
[REPORT] 29032016 01:46:11,554 DEBUG [main] [AuthenticationFilter] Initializing filter 'AuthenticationFilter'
[REPORT] 29032016 01:46:11,555 DEBUG [main] [AuthenticationFilter] Filter 'AuthenticationFilter' configured successfully
[REPORT] 29032016 01:46:11,679 INFO  [main] [DispatcherServlet] FrameworkServlet 'opensrp': initialization started
[REPORT] 29032016 01:46:11,681 INFO  [main] [XmlWebApplicationContext] Refreshing WebApplicationContext for namespace 'opensrp-servlet': startup date [Tue Mar 29 01:46:11 PKT 2016]; parent: Root WebApplicationContext
[REPORT] 29032016 01:46:11,684 INFO  [main] [XmlBeanDefinitionReader] Loading XML bean definitions from ServletContext resource [/WEB-INF/spring/webmvc-config.xml]
[REPORT] 29032016 01:46:11,772 INFO  [main] [AutowiredAnnotationBeanPostProcessor] JSR-330 'javax.inject.Inject' annotation found and supported for autowiring
[REPORT] 29032016 01:46:11,775 INFO  [main] [DefaultListableBeanFactory] Pre-instantiating singletons in org.springframework.beans.factory.support.DefaultListableBeanFactory@6e82f62e: defining beans [actionController,ANMLocationController,auditMessageController,errorTraceController,fakeActionController,fakeTimeController,formDownLoadController,formSubmissionController,locationController,reportController,userController,xlsFormDownloaderController,clientResource,eventResource,providerResource,rapidClientResource,org.springframework.context.annotation.internalConfigurationAnnotationProcessor,org.springframework.context.annotation.internalAutowiredAnnotationProcessor,org.springframework.context.annotation.internalRequiredAnnotationProcessor,org.springframework.context.annotation.internalCommonAnnotationProcessor,org.springframework.web.servlet.mvc.method.annotation.RequestMappingHandlerMapping#0,org.springframework.format.support.FormattingConversionServiceFactoryBean#0,org.springframework.web.servlet.mvc.method.annotation.RequestMappingHandlerAdapter#0,org.springframework.web.servlet.handler.MappedInterceptor#0,org.springframework.web.servlet.mvc.method.annotation.ExceptionHandlerExceptionResolver#0,org.springframework.web.servlet.mvc.annotation.ResponseStatusExceptionResolver#0,org.springframework.web.servlet.mvc.support.DefaultHandlerExceptionResolver#0,org.springframework.web.servlet.handler.BeanNameUrlHandlerMapping,org.springframework.web.servlet.mvc.HttpRequestHandlerAdapter,org.springframework.web.servlet.mvc.SimpleControllerHandlerAdapter,org.springframework.web.servlet.resource.DefaultServletHttpRequestHandler#0,org.springframework.web.servlet.handler.SimpleUrlHandlerMapping#0,org.springframework.web.servlet.view.InternalResourceViewResolver#0,org.springframework.context.annotation.ConfigurationClassPostProcessor$ImportAwareBeanPostProcessor#0]; parent: org.springframework.beans.factory.support.DefaultListableBeanFactory@6abad7e3
/form
[REPORT] 29032016 01:46:11,904 INFO  [main] [RequestMappingHandlerMapping] Mapped "{[/actions],methods=[GET],params=[],headers=[],consumes=[],produces=[],custom=[]}" onto public java.util.List<org.opensrp.dto.Action> org.opensrp.web.controller.ActionController.getNewActionForANM(java.lang.String,java.lang.Long)
[REPORT] 29032016 01:46:11,905 INFO  [main] [RequestMappingHandlerMapping] Mapped "{[/anm-villages],methods=[GET],params=[],headers=[],consumes=[],produces=[],custom=[]}" onto public org.springframework.http.ResponseEntity<org.opensrp.dto.VillagesDTO> org.opensrp.web.controller.ANMLocationController.villagesForANM()
[REPORT] 29032016 01:46:11,906 INFO  [main] [RequestMappingHandlerMapping] Mapped "{[/audit/messages],methods=[GET],params=[],headers=[],consumes=[],produces=[],custom=[]}" onto public java.util.List<org.opensrp.web.controller.AuditMessageController$AuditMessageItem> org.opensrp.web.controller.AuditMessageController.getAuditMessages(long) throws java.io.IOException
[REPORT] 29032016 01:46:11,909 INFO  [main] [RequestMappingHandlerMapping] Mapped "{[/errorhandler/viewerror],methods=[GET],params=[],headers=[],consumes=[],produces=[],custom=[]}" onto public org.springframework.http.ResponseEntity<org.opensrp.domain.ErrorTraceForm> org.opensrp.web.controller.ErrorTraceController.showError(java.lang.String)
[REPORT] 29032016 01:46:11,910 INFO  [main] [RequestMappingHandlerMapping] Mapped "{[/errorhandler/index],methods=[GET],params=[],headers=[],consumes=[],produces=[],custom=[]}" onto public org.springframework.web.servlet.ModelAndView org.opensrp.web.controller.ErrorTraceController.showPage()
[REPORT] 29032016 01:46:11,912 INFO  [main] [RequestMappingHandlerMapping] Mapped "{[/errorhandler/update_status],methods=[GET],params=[],headers=[],consumes=[],produces=[],custom=[]}" onto public java.lang.String org.opensrp.web.controller.ErrorTraceController.UpdateStatus(java.lang.String,java.lang.String)
[REPORT] 29032016 01:46:11,913 INFO  [main] [RequestMappingHandlerMapping] Mapped "{[/errorhandler/errortrace],methods=[GET],params=[],headers=[],consumes=[],produces=[],custom=[]}" onto public org.springframework.http.ResponseEntity<java.util.List<org.opensrp.domain.ErrorTrace>> org.opensrp.web.controller.ErrorTraceController.allErrors()
[REPORT] 29032016 01:46:11,913 INFO  [main] [RequestMappingHandlerMapping] Mapped "{[/errorhandler/allerrors],methods=[GET],params=[],headers=[],consumes=[],produces=[],custom=[]}" onto public <T> org.springframework.http.ResponseEntity<T> org.opensrp.web.controller.ErrorTraceController.getAllErrors()
[REPORT] 29032016 01:46:11,914 INFO  [main] [RequestMappingHandlerMapping] Mapped "{[/errorhandler/unsolvederrors],methods=[GET],params=[],headers=[],consumes=[],produces=[],custom=[]}" onto public org.springframework.http.ResponseEntity<java.util.List<org.opensrp.domain.ErrorTrace>> org.opensrp.web.controller.ErrorTraceController.showUnsolved()
[REPORT] 29032016 01:46:11,914 INFO  [main] [RequestMappingHandlerMapping] Mapped "{[/errorhandler/solvederrors],methods=[GET],params=[],headers=[],consumes=[],produces=[],custom=[]}" onto public org.springframework.http.ResponseEntity<java.util.List<org.opensrp.domain.ErrorTrace>> org.opensrp.web.controller.ErrorTraceController.showSolved()
[REPORT] 29032016 01:46:11,914 INFO  [main] [RequestMappingHandlerMapping] Mapped "{[/errorhandler/update_errortrace],methods=[POST],params=[],headers=[],consumes=[],produces=[],custom=[]}" onto public java.lang.String org.opensrp.web.controller.ErrorTraceController.updateErrorTrace(javax.servlet.http.HttpServletRequest,org.opensrp.domain.ErrorTraceForm,org.springframework.validation.BindingResult)
[REPORT] 29032016 01:46:11,915 INFO  [main] [RequestMappingHandlerMapping] Mapped "{[/errorhandler/getstatusoptions],methods=[GET],params=[],headers=[],consumes=[],produces=[],custom=[]}" onto public org.springframework.http.ResponseEntity<java.util.List<java.lang.String>> org.opensrp.web.controller.ErrorTraceController.statusOptions()
[REPORT] 29032016 01:46:11,915 INFO  [main] [RequestMappingHandlerMapping] Mapped "{[/action/submit],methods=[POST],params=[],headers=[],consumes=[],produces=[],custom=[]}" onto public java.lang.String org.opensrp.web.controller.fake.FakeActionController.submitFakeAction(java.lang.String,java.lang.String) throws java.lang.Exception
[REPORT] 29032016 01:46:11,916 INFO  [main] [RequestMappingHandlerMapping] Mapped "{[/time/set],methods=[],params=[],headers=[],consumes=[],produces=[],custom=[]}" onto public java.lang.String org.opensrp.web.controller.fake.FakeTimeController.setTime(java.lang.Integer) throws java.io.IOException
[REPORT] 29032016 01:46:11,917 INFO  [main] [RequestMappingHandlerMapping] Mapped "{[/form//form-files],methods=[],params=[],headers=[],consumes=[],produces=[],custom=[]}" onto public byte[] org.opensrp.web.controller.FormDownLoadController.getForm(java.lang.String,javax.servlet.http.HttpServletResponse)
[REPORT] 29032016 01:46:11,917 INFO  [main] [RequestMappingHandlerMapping] Mapped "{[/form//latest-form-versions],methods=[],params=[],headers=[],consumes=[],produces=[],custom=[]}" onto public java.lang.String org.opensrp.web.controller.FormDownLoadController.getAllAvailableVersion()
[REPORT] 29032016 01:46:11,919 INFO  [main] [RequestMappingHandlerMapping] Mapped "{[/multimedia-file],methods=[GET],params=[],headers=[],consumes=[],produces=[application/json],custom=[]}" onto public java.util.List<org.opensrp.dto.form.MultimediaDTO> org.opensrp.web.controller.FormSubmissionController.getFiles(java.lang.String)
[REPORT] 29032016 01:46:11,919 INFO  [main] [RequestMappingHandlerMapping] Mapped "{[/form-submissions],methods=[POST],params=[],headers=[],consumes=[],produces=[application/json],custom=[]}" onto public org.springframework.http.ResponseEntity<org.springframework.http.HttpStatus> org.opensrp.web.controller.FormSubmissionController.submitForms(java.util.List<org.opensrp.dto.form.FormSubmissionDTO>)
[REPORT] 29032016 01:46:11,920 INFO  [main] [RequestMappingHandlerMapping] Mapped "{[/multimedia-file],methods=[POST],params=[],headers=[],consumes=[],produces=[multipart/form-data],custom=[]}" onto public org.springframework.http.ResponseEntity<java.lang.String> org.opensrp.web.controller.FormSubmissionController.uploadFiles(java.lang.String,java.lang.String,java.lang.String,java.lang.String,org.springframework.web.multipart.MultipartFile)
[REPORT] 29032016 01:46:11,920 INFO  [main] [RequestMappingHandlerMapping] Mapped "{[/form-submissions],methods=[GET],params=[],headers=[],consumes=[],produces=[],custom=[]}" onto private java.util.List<org.opensrp.dto.form.FormSubmissionDTO> org.opensrp.web.controller.FormSubmissionController.getNewSubmissionsForANM(java.lang.String,java.lang.Long,java.lang.Integer)
[REPORT] 29032016 01:46:11,920 INFO  [main] [RequestMappingHandlerMapping] Mapped "{[/all-form-submissions],methods=[GET],params=[],headers=[],consumes=[],produces=[],custom=[]}" onto private java.util.List<org.opensrp.dto.form.FormSubmissionDTO> org.opensrp.web.controller.FormSubmissionController.getAllFormSubmissions(java.lang.Long,java.lang.Integer)
[REPORT] 29032016 01:46:11,921 INFO  [main] [RequestMappingHandlerMapping] Mapped "{[/location//location-tree],methods=[],params=[],headers=[],consumes=[],produces=[],custom=[]}" onto public org.springframework.http.ResponseEntity<java.lang.String> org.opensrp.web.controller.LocationController.getLocationTree() throws org.json.JSONException
[REPORT] 29032016 01:46:11,922 INFO  [main] [RequestMappingHandlerMapping] Mapped "{[/location//location-tree/{uuid}],methods=[],params=[],headers=[],consumes=[],produces=[],custom=[]}" onto public org.springframework.http.ResponseEntity<java.lang.String> org.opensrp.web.controller.LocationController.getLocationTree(java.lang.String) throws org.json.JSONException
[REPORT] 29032016 01:46:11,923 INFO  [main] [RequestMappingHandlerMapping] Mapped "{[/report/report-data],methods=[GET],params=[],headers=[],consumes=[],produces=[],custom=[]}" onto public org.springframework.http.ResponseEntity<java.lang.String> org.opensrp.web.controller.ReportController.reportData(java.lang.String,java.util.Map<java.lang.String, java.lang.String>) throws org.json.JSONException
[REPORT] 29032016 01:46:11,923 INFO  [main] [RequestMappingHandlerMapping] Mapped "{[/report/report-definitions],methods=[GET],params=[],headers=[],consumes=[],produces=[],custom=[]}" onto public org.springframework.http.ResponseEntity<java.lang.String> org.opensrp.web.controller.ReportController.reportDefinitions() throws org.json.JSONException
[REPORT] 29032016 01:46:11,924 INFO  [main] [RequestMappingHandlerMapping] Mapped "{[/security/configuration],methods=[],params=[],headers=[],consumes=[],produces=[],custom=[]}" onto public org.springframework.http.ResponseEntity<java.lang.String> org.opensrp.web.controller.UserController.configuration() throws org.json.JSONException
[REPORT] 29032016 01:46:11,924 INFO  [main] [RequestMappingHandlerMapping] Mapped "{[/security/authenticate],methods=[],params=[],headers=[],consumes=[],produces=[],custom=[]}" onto public org.springframework.http.ResponseEntity<java.lang.String> org.opensrp.web.controller.UserController.authenticate() throws org.json.JSONException
[REPORT] 29032016 01:46:11,925 INFO  [main] [RequestMappingHandlerMapping] Mapped "{[/user-details],methods=[GET],params=[],headers=[],consumes=[],produces=[],custom=[]}" onto public org.springframework.http.ResponseEntity<org.opensrp.common.domain.UserDetail> org.opensrp.web.controller.UserController.userDetail(java.lang.String)
[REPORT] 29032016 01:46:11,925 INFO  [main] [RequestMappingHandlerMapping] Mapped "{[/authenticate-user],methods=[GET],params=[],headers=[],consumes=[],produces=[],custom=[]}" onto public org.springframework.http.ResponseEntity<org.springframework.http.HttpStatus> org.opensrp.web.controller.UserController.authenticateUser()
[REPORT] 29032016 01:46:11,926 INFO  [main] [RequestMappingHandlerMapping] Mapped "{[/xlsform/addfiles],methods=[POST],params=[],headers=[],consumes=[],produces=[],custom=[]}" onto public org.springframework.web.servlet.ModelAndView org.opensrp.web.controller.XlsFormDownloaderController.addFiles(javax.servlet.http.HttpServletRequest) throws java.io.UnsupportedEncodingException
[REPORT] 29032016 01:46:11,926 INFO  [main] [RequestMappingHandlerMapping] Mapped "{[/xlsform/index],methods=[GET],params=[],headers=[],consumes=[],produces=[],custom=[]}" onto public org.springframework.web.servlet.ModelAndView org.opensrp.web.controller.XlsFormDownloaderController.showPage(javax.servlet.http.HttpServletRequest) throws java.io.UnsupportedEncodingException
[REPORT] 29032016 01:46:11,929 INFO  [main] [RequestMappingHandlerMapping] Mapped "{[/rest/client/search],methods=[GET],params=[],headers=[],consumes=[],produces=[],custom=[]}" onto private java.util.List<T> org.opensrp.web.rest.RestResource.searchBy(javax.servlet.http.HttpServletRequest) throws java.text.ParseException
[REPORT] 29032016 01:46:11,929 INFO  [main] [RequestMappingHandlerMapping] Mapped "{[/rest/client],methods=[GET],params=[],headers=[],consumes=[],produces=[],custom=[]}" onto private java.util.List<T> org.opensrp.web.rest.RestResource.filterBy(java.lang.String)
[REPORT] 29032016 01:46:11,930 INFO  [main] [RequestMappingHandlerMapping] Mapped "{[/rest/client/{uniqueId}],methods=[GET],params=[],headers=[],consumes=[],produces=[],custom=[]}" onto private T org.opensrp.web.rest.RestResource.getById(java.lang.String)
[REPORT] 29032016 01:46:11,930 INFO  [main] [RequestMappingHandlerMapping] Mapped "{[/rest/client],methods=[POST],params=[],headers=[],consumes=[application/json],produces=[],custom=[]}" onto private T org.opensrp.web.rest.RestResource.createNew(T)
[REPORT] 29032016 01:46:11,930 INFO  [main] [RequestMappingHandlerMapping] Mapped "{[/rest/client/{uniqueId}],methods=[POST],params=[],headers=[],consumes=[application/json],produces=[],custom=[]}" onto private T org.opensrp.web.rest.RestResource.updateExisting(java.lang.String,T)
[REPORT] 29032016 01:46:11,932 INFO  [main] [RequestMappingHandlerMapping] Mapped "{[/rest/event/search],methods=[GET],params=[],headers=[],consumes=[],produces=[],custom=[]}" onto private java.util.List<T> org.opensrp.web.rest.RestResource.searchBy(javax.servlet.http.HttpServletRequest) throws java.text.ParseException
[REPORT] 29032016 01:46:11,932 INFO  [main] [RequestMappingHandlerMapping] Mapped "{[/rest/event],methods=[GET],params=[],headers=[],consumes=[],produces=[],custom=[]}" onto private java.util.List<T> org.opensrp.web.rest.RestResource.filterBy(java.lang.String)
[REPORT] 29032016 01:46:11,933 INFO  [main] [RequestMappingHandlerMapping] Mapped "{[/rest/event/{uniqueId}],methods=[GET],params=[],headers=[],consumes=[],produces=[],custom=[]}" onto private T org.opensrp.web.rest.RestResource.getById(java.lang.String)
[REPORT] 29032016 01:46:11,933 INFO  [main] [RequestMappingHandlerMapping] Mapped "{[/rest/event],methods=[POST],params=[],headers=[],consumes=[application/json],produces=[],custom=[]}" onto private T org.opensrp.web.rest.RestResource.createNew(T)
[REPORT] 29032016 01:46:11,934 INFO  [main] [RequestMappingHandlerMapping] Mapped "{[/rest/event/{uniqueId}],methods=[POST],params=[],headers=[],consumes=[application/json],produces=[],custom=[]}" onto private T org.opensrp.web.rest.RestResource.updateExisting(java.lang.String,T)
[REPORT] 29032016 01:46:11,936 INFO  [main] [RequestMappingHandlerMapping] Mapped "{[/rest/provider/authenticate],methods=[GET],params=[],headers=[],consumes=[],produces=[],custom=[]}" onto public java.util.Map<java.lang.String, java.lang.Object> org.opensrp.web.rest.ProviderResource.authenticate(javax.servlet.http.HttpServletRequest) throws org.json.JSONException
[REPORT] 29032016 01:46:11,936 INFO  [main] [RequestMappingHandlerMapping] Mapped "{[/rest/provider/search],methods=[GET],params=[],headers=[],consumes=[],produces=[],custom=[]}" onto private java.util.List<T> org.opensrp.web.rest.RestResource.searchBy(javax.servlet.http.HttpServletRequest) throws java.text.ParseException
[REPORT] 29032016 01:46:11,936 INFO  [main] [RequestMappingHandlerMapping] Mapped "{[/rest/provider],methods=[GET],params=[],headers=[],consumes=[],produces=[],custom=[]}" onto private java.util.List<T> org.opensrp.web.rest.RestResource.filterBy(java.lang.String)
[REPORT] 29032016 01:46:11,937 INFO  [main] [RequestMappingHandlerMapping] Mapped "{[/rest/provider/{uniqueId}],methods=[GET],params=[],headers=[],consumes=[],produces=[],custom=[]}" onto private T org.opensrp.web.rest.RestResource.getById(java.lang.String)
[REPORT] 29032016 01:46:11,937 INFO  [main] [RequestMappingHandlerMapping] Mapped "{[/rest/provider],methods=[POST],params=[],headers=[],consumes=[application/json],produces=[],custom=[]}" onto private T org.opensrp.web.rest.RestResource.createNew(T)
[REPORT] 29032016 01:46:11,937 INFO  [main] [RequestMappingHandlerMapping] Mapped "{[/rest/provider/{uniqueId}],methods=[POST],params=[],headers=[],consumes=[application/json],produces=[],custom=[]}" onto private T org.opensrp.web.rest.RestResource.updateExisting(java.lang.String,T)
[REPORT] 29032016 01:46:11,939 INFO  [main] [RequestMappingHandlerMapping] Mapped "{[/rest/rapid/client/cv],methods=[POST],params=[],headers=[],consumes=[],produces=[],custom=[]}" onto public java.util.Map<java.lang.String, java.lang.Object> org.opensrp.web.rest.rapid.RapidClientResource.createChild(javax.servlet.http.HttpServletRequest)
[REPORT] 29032016 01:46:11,940 INFO  [main] [RequestMappingHandlerMapping] Mapped "{[/rest/rapid/client/c],methods=[],params=[],headers=[],consumes=[],produces=[],custom=[]}" onto public java.util.Map<java.lang.String, java.lang.Object> org.opensrp.web.rest.rapid.RapidClientResource.findInfo(javax.servlet.http.HttpServletRequest)
[REPORT] 29032016 01:46:11,940 INFO  [main] [RequestMappingHandlerMapping] Mapped "{[/rest/rapid/client/uv],methods=[POST],params=[],headers=[],consumes=[],produces=[],custom=[]}" onto public java.util.Map<java.lang.String, java.lang.String> org.opensrp.web.rest.rapid.RapidClientResource.updateVaccine(javax.servlet.http.HttpServletRequest)
[REPORT] 29032016 01:46:12,102 INFO  [main] [SimpleUrlHandlerMapping] Mapped URL path [/**] onto handler 'org.springframework.web.servlet.resource.DefaultServletHttpRequestHandler#0'
org.springframework.web.context.WebApplicationContext:/opensrp
STARTED ALL SCHEDULES
[REPORT] 29032016 01:46:12,251 INFO  [main] [DispatcherServlet] FrameworkServlet 'opensrp': initialization completed in 572 ms
[INFO] Started Jetty Server
[INFO] 
[INFO] --- maven-failsafe-plugin:2.9:integration-test (default) @ opensrp-web ---
[INFO] Failsafe report directory: D:\opensrpThriveMaster\opensrp-server\opensrp-web\target\failsafe-reports

-------------------------------------------------------
 T E S T S
-------------------------------------------------------

Results :

Tests run: 0, Failures: 0, Errors: 0, Skipped: 0

[WARNING] File encoding has not been set, using platform encoding Cp1252, i.e. build is platform dependent!
[INFO] 
[INFO] --- jetty-maven-plugin:8.1.16.v20140903:stop (stop-jetty) @ opensrp-web ---
[INFO] 
[INFO] --- maven-failsafe-plugin:2.9:verify (default) @ opensrp-web ---
[INFO] Failsafe report directory: D:\opensrpThriveMaster\opensrp-server\opensrp-web\target\failsafe-reports
[WARNING] File encoding has not been set, using platform encoding Cp1252, i.e. build is platform dependent!
[INFO] 
[INFO] --- maven-install-plugin:2.4:install (default-install) @ opensrp-web ---
[INFO] Installing D:\opensrpThriveMaster\opensrp-server\opensrp-web\target\opensrp-web.war to C:\Users\Maimoona\.m2\repository\org\opensrp\opensrp-web\0.1-SNAPSHOT\opensrp-web-0.1-SNAPSHOT.war
[REPORT] 29032016 01:46:15,333 INFO  [ShutdownMonitor] [XmlWebApplicationContext] Closing WebApplicationContext for namespace 'opensrp-servlet': startup date [Tue Mar 29 01:46:11 PKT 2016]; parent: Root WebApplicationContext
[REPORT] 29032016 01:46:15,338 INFO  [ShutdownMonitor] [DefaultListableBeanFactory] Destroying singletons in org.springframework.beans.factory.support.DefaultListableBeanFactory@6e82f62e: defining beans [actionController,ANMLocationController,auditMessageController,errorTraceController,fakeActionController,fakeTimeController,formDownLoadController,formSubmissionController,locationController,reportController,userController,xlsFormDownloaderController,clientResource,eventResource,providerResource,rapidClientResource,org.springframework.context.annotation.internalConfigurationAnnotationProcessor,org.springframework.context.annotation.internalAutowiredAnnotationProcessor,org.springframework.context.annotation.internalRequiredAnnotationProcessor,org.springframework.context.annotation.internalCommonAnnotationProcessor,org.springframework.web.servlet.mvc.method.annotation.RequestMappingHandlerMapping#0,org.springframework.format.support.FormattingConversionServiceFactoryBean#0,org.springframework.web.servlet.mvc.method.annotation.RequestMappingHandlerAdapter#0,org.springframework.web.servlet.handler.MappedInterceptor#0,org.springframework.web.servlet.mvc.method.annotation.ExceptionHandlerExceptionResolver#0,org.springframework.web.servlet.mvc.annotation.ResponseStatusExceptionResolver#0,org.springframework.web.servlet.mvc.support.DefaultHandlerExceptionResolver#0,org.springframework.web.servlet.handler.BeanNameUrlHandlerMapping,org.springframework.web.servlet.mvc.HttpRequestHandlerAdapter,org.springframework.web.servlet.mvc.SimpleControllerHandlerAdapter,org.springframework.web.servlet.resource.DefaultServletHttpRequestHandler#0,org.springframework.web.servlet.handler.SimpleUrlHandlerMapping#0,org.springframework.web.servlet.view.InternalResourceViewResolver#0,org.springframework.context.annotation.ConfigurationClassPostProcessor$ImportAwareBeanPostProcessor#0]; parent: org.springframework.beans.factory.support.DefaultListableBeanFactory@6abad7e3
[REPORT] 29032016 01:46:15,375 INFO  [ShutdownMonitor] [XmlWebApplicationContext] Closing Root WebApplicationContext: startup date [Tue Mar 29 01:45:31 PKT 2016]; root of context hierarchy
[REPORT] 29032016 01:46:15,382 INFO  [ShutdownMonitor] [DefaultLifecycleProcessor] Stopping beans in phase 2147483647
[REPORT] 29032016 01:46:15,385 INFO  [ShutdownMonitor] [ChannelPublishingJmsMessageListener$GatewayDelegate] stopped org.springframework.integration.jms.ChannelPublishingJmsMessageListener$GatewayDelegate@3a10bd1d
[REPORT] 29032016 01:46:15,386 INFO  [ShutdownMonitor] [JmsMessageDrivenEndpoint] stopped jmsin
[REPORT] 29032016 01:46:15,386 INFO  [ShutdownMonitor] [DefaultLifecycleProcessor] Stopping beans in phase 0
[REPORT] 29032016 01:46:15,387 INFO  [ShutdownMonitor] [GatewayProxyFactoryBean$MethodInvocationGateway] stopped schedulerFireEventGateway
[REPORT] 29032016 01:46:15,387 INFO  [ShutdownMonitor] [GatewayProxyFactoryBean] stopped schedulerFireEventGateway
[REPORT] 29032016 01:46:15,388 INFO  [ShutdownMonitor] [GatewayProxyFactoryBean$MethodInvocationGateway] stopped outboundEventGateway
[REPORT] 29032016 01:46:15,388 INFO  [ShutdownMonitor] [GatewayProxyFactoryBean] stopped outboundEventGateway
[REPORT] 29032016 01:46:15,389 INFO  [ShutdownMonitor] [GatewayProxyFactoryBean$MethodInvocationGateway] stopped outboundScheduleJobGateway
[REPORT] 29032016 01:46:15,390 INFO  [ShutdownMonitor] [GatewayProxyFactoryBean$MethodInvocationGateway] stopped outboundScheduleJobGateway
[REPORT] 29032016 01:46:15,390 INFO  [ShutdownMonitor] [GatewayProxyFactoryBean$MethodInvocationGateway] stopped outboundScheduleJobGateway
[REPORT] 29032016 01:46:15,390 INFO  [ShutdownMonitor] [GatewayProxyFactoryBean$MethodInvocationGateway] stopped outboundScheduleJobGateway
[REPORT] 29032016 01:46:15,391 INFO  [ShutdownMonitor] [GatewayProxyFactoryBean] stopped outboundScheduleJobGateway
[REPORT] 29032016 01:46:15,391 INFO  [ShutdownMonitor] [DefaultLifecycleProcessor] Stopping beans in phase -2147483648
[REPORT] 29032016 01:46:15,391 INFO  [ShutdownMonitor] [EventDrivenConsumer] Removing {jms:outbound-channel-adapter:schedulerjmsout} as a subscriber to the 'schedulerGatewayToEventJmsoutChannel' channel
[REPORT] 29032016 01:46:15,392 INFO  [ShutdownMonitor] [DirectChannel] Channel 'schedulerGatewayToEventJmsoutChannel' has 0 subscriber(s).
[REPORT] 29032016 01:46:15,393 INFO  [ShutdownMonitor] [EventDrivenConsumer] stopped schedulerjmsout
[REPORT] 29032016 01:46:15,393 INFO  [ShutdownMonitor] [EventDrivenConsumer] Removing {router} as a subscriber to the 'jmsinToSchedulerChannel' channel
[REPORT] 29032016 01:46:15,393 INFO  [ShutdownMonitor] [DirectChannel] Channel 'jmsinToSchedulerChannel' has 0 subscriber(s).
[REPORT] 29032016 01:46:15,393 INFO  [ShutdownMonitor] [EventDrivenConsumer] stopped org.springframework.integration.config.ConsumerEndpointFactoryBean#0
[REPORT] 29032016 01:46:15,394 INFO  [ShutdownMonitor] [EventDrivenConsumer] Removing {outbound-channel-adapter} as a subscriber to the 'scheduleChannel' channel
[REPORT] 29032016 01:46:15,394 INFO  [ShutdownMonitor] [DirectChannel] Channel 'scheduleChannel' has 0 subscriber(s).
[REPORT] 29032016 01:46:15,394 INFO  [ShutdownMonitor] [EventDrivenConsumer] stopped org.springframework.integration.config.ConsumerEndpointFactoryBean#1
[REPORT] 29032016 01:46:15,394 INFO  [ShutdownMonitor] [EventDrivenConsumer] Removing {outbound-channel-adapter} as a subscriber to the 'scheduleRunOnceChannel' channel
[REPORT] 29032016 01:46:15,395 INFO  [ShutdownMonitor] [DirectChannel] Channel 'scheduleRunOnceChannel' has 0 subscriber(s).
[REPORT] 29032016 01:46:15,395 INFO  [ShutdownMonitor] [EventDrivenConsumer] stopped org.springframework.integration.config.ConsumerEndpointFactoryBean#2
[REPORT] 29032016 01:46:15,395 INFO  [ShutdownMonitor] [EventDrivenConsumer] Removing {outbound-channel-adapter} as a subscriber to the 'scheduleRepeatingChannel' channel
[REPORT] 29032016 01:46:15,396 INFO  [ShutdownMonitor] [DirectChannel] Channel 'scheduleRepeatingChannel' has 0 subscriber(s).
[REPORT] 29032016 01:46:15,396 INFO  [ShutdownMonitor] [EventDrivenConsumer] stopped org.springframework.integration.config.ConsumerEndpointFactoryBean#3
[REPORT] 29032016 01:46:15,396 INFO  [ShutdownMonitor] [EventDrivenConsumer] Removing {outbound-channel-adapter} as a subscriber to the 'unscheduleChannel' channel
[REPORT] 29032016 01:46:15,396 INFO  [ShutdownMonitor] [DirectChannel] Channel 'unscheduleChannel' has 0 subscriber(s).
[REPORT] 29032016 01:46:15,396 INFO  [ShutdownMonitor] [EventDrivenConsumer] stopped org.springframework.integration.config.ConsumerEndpointFactoryBean#4
[REPORT] 29032016 01:46:15,397 INFO  [ShutdownMonitor] [EventDrivenConsumer] Removing {jms:outbound-channel-adapter:eventjmsout} as a subscriber to the 'eventGatewayToEventJmsoutChannel' channel
[REPORT] 29032016 01:46:15,397 INFO  [ShutdownMonitor] [DirectChannel] Channel 'eventGatewayToEventJmsoutChannel' has 0 subscriber(s).
[REPORT] 29032016 01:46:15,397 INFO  [ShutdownMonitor] [EventDrivenConsumer] stopped eventjmsout
[REPORT] 29032016 01:46:15,397 INFO  [ShutdownMonitor] [EventDrivenConsumer] Removing {outbound-channel-adapter:outboundChannelAdapter} as a subscriber to the 'eventChannel' channel
[REPORT] 29032016 01:46:15,398 INFO  [ShutdownMonitor] [DirectChannel] Channel 'eventChannel' has 0 subscriber(s).
[REPORT] 29032016 01:46:15,398 INFO  [ShutdownMonitor] [EventDrivenConsumer] stopped outboundChannelAdapter
[REPORT] 29032016 01:46:15,398 INFO  [ShutdownMonitor] [EventDrivenConsumer] Removing {jms:outbound-channel-adapter:schedulejmsout} as a subscriber to the 'scheduleJobGatewayToEventJmsoutChannel' channel
[REPORT] 29032016 01:46:15,398 INFO  [ShutdownMonitor] [DirectChannel] Channel 'scheduleJobGatewayToEventJmsoutChannel' has 0 subscriber(s).
[REPORT] 29032016 01:46:15,399 INFO  [ShutdownMonitor] [EventDrivenConsumer] stopped schedulejmsout
[REPORT] 29032016 01:46:15,399 INFO  [ShutdownMonitor] [EventDrivenConsumer] Removing {logging-channel-adapter:_org.springframework.integration.errorLogger} as a subscriber to the 'errorChannel' channel
[REPORT] 29032016 01:46:15,399 INFO  [ShutdownMonitor] [PublishSubscribeChannel] Channel 'errorChannel' has 0 subscriber(s).
[REPORT] 29032016 01:46:15,400 INFO  [ShutdownMonitor] [EventDrivenConsumer] stopped _org.springframework.integration.errorLogger
[REPORT] 29032016 01:46:15,400 INFO  [ShutdownMonitor] [DefaultListableBeanFactory] Destroying singletons in org.springframework.beans.factory.support.DefaultListableBeanFactory@6abad7e3: defining beans [org.springframework.beans.factory.config.PropertyPlaceholderConfigurer#0,org.springframework.beans.factory.config.PropertyPlaceholderConfigurer#1,org.springframework.context.annotation.internalConfigurationAnnotationProcessor,org.springframework.context.annotation.internalAutowiredAnnotationProcessor,org.springframework.context.annotation.internalRequiredAnnotationProcessor,org.springframework.context.annotation.internalCommonAnnotationProcessor,org.springframework.beans.factory.config.PropertyPlaceholderConfigurer#2,channelInitializer,$autoCreateChannelCandidates,org.springframework.integration.internalDefaultConfiguringBeanFactoryPostProcessor,schedulerFireEventGateway,schedulerGatewayToEventJmsoutChannel,org.springframework.integration.jms.JmsSendingMessageHandler#0,schedulerjmsout,org.springframework.jms.listener.DefaultMessageListenerContainer#0,org.springframework.integration.jms.ChannelPublishingJmsMessageListener#0,jmsin,jmsinToSchedulerChannel,org.springframework.integration.config.RouterFactoryBean#0,org.springframework.integration.config.ConsumerEndpointFactoryBean#0,scheduleChannel,scheduleRunOnceChannel,scheduleRepeatingChannel,unscheduleChannel,org.springframework.integration.handler.MethodInvokingMessageHandler#0,org.springframework.integration.config.ConsumerEndpointFactoryBean#1,org.springframework.integration.handler.MethodInvokingMessageHandler#1,org.springframework.integration.config.ConsumerEndpointFactoryBean#2,org.springframework.integration.handler.MethodInvokingMessageHandler#2,org.springframework.integration.config.ConsumerEndpointFactoryBean#3,org.springframework.integration.handler.MethodInvokingMessageHandler#3,org.springframework.integration.config.ConsumerEndpointFactoryBean#4,quartzProperties,connectionFactory,schedulerQueue,eventQueue,schedulerFactoryBean,schedulerService,org.springframework.beans.factory.config.PropertyPlaceholderConfigurer#3,outboundEventGateway,eventGatewayToEventJmsoutChannel,org.springframework.integration.jms.JmsSendingMessageHandler#1,eventjmsout,org.springframework.beans.factory.config.PropertyPlaceholderConfigurer#4,org.springframework.jms.listener.DefaultMessageListenerContainer#1,org.springframework.integration.jms.ChannelPublishingJmsMessageListener#1,eventChannel,org.springframework.integration.handler.MethodInvokingMessageHandler#4,outboundChannelAdapter,outboundScheduleJobGateway,scheduleJobGatewayToEventJmsoutChannel,org.springframework.integration.jms.JmsSendingMessageHandler#2,schedulejmsout,couchdbProperties,allRules,httpClient,couchDbInstance,ruleDatabase,metricsAgent,loggingAgent,statsdAgent,eventRelay,eventListenerRegistry,motechContext,eventContext,osgiConfig,osgiFramework,osgiFrameworkService,eventAnnotationBeanPostProcessor,smsHttpProperties,smsSendHandler,templateReader,smsHttpService,inboundSmsController,multiThreadedHttpConnectionManager,commonsHttpClient,smsAuditService,smsApiProperties,messageSplitter,smsServiceImpl,smsService,schedule_tracking,scheduleTrackingDbConnector,scheduleFactory,allEnrollments,allSchedules,trackedSchedulesJsonReaderImpl,endOfMilestoneListener,enrollmentAlertService,enrollmentDefaultmentService,enrollmentRecordMapper,enrollmentService,enrollmentsQueryService,scheduleTrackingService,org.springframework.beans.factory.config.PropertyPlaceholderConfigurer#5,opensrp,actionController,ANMLocationController,auditMessageController,errorTraceController,fakeActionController,fakeTimeController,formDownLoadController,formSubmissionController,locationController,reportController,userController,xlsFormDownloaderController,applicationStartupListener,clientResource,eventResource,providerResource,rapidClientResource,drishtiAuthenticationProvider,allAppStateTokens,allBaseEntities,allClients,allErrorTrace,allEvents,allLocations,allProviders,allUsers,luceneClientRepository,luceneDbConnector,luceneEventRepository,multimediaRepository,alertCreationAction,alertHandler,alertRouter,healthSchedulerService,allActions,allAlerts,scheduleConfig,actionService,allEnrollmentWrapper,allScheduleWrapper,scheduleService,taskSchedulerService,baseEntityService,clientService,configService,errorTraceService,eventService,formEntityConverter,formSubmissionListener,formSubmissionProcessor,formSubmissionRouter,handlerMapper,entityDataMap,ziggyDataHandler,ziggyFileLoader,ziggyService,locationService,multimediaService,providerService,userService,xlsFormDownloaderService,auditor,reportMonth,monitor,httpAgent,allFormSubmissions,formAttributeParser,formSubmissionService,allFailedEventsCouchImpl,allMarkersCouchImpl,httpUtil,encounterAtomfeed,patientAtomfeed,openmrsSyncerListener,encounterService,householdService,openmrsLocationService,openmrsReportingService,openmrsSchedulerService,openmrsUserService,patientService,opensrpDatabaseConnector,opensrpMCTSDatabaseConnector,opensrpErrorTraceDatabaseConnector,org.springframework.beans.factory.config.PropertyPlaceholderConfigurer#6,opensrpFormDatabaseConnector,org.springframework.beans.factory.config.PropertyPlaceholderConfigurer#7,org.springframework.beans.factory.config.PropertyPlaceholderConfigurer#8,atomfeedDatabaseConnector,org.springframework.security.filterChains,org.springframework.security.filterChainProxy,org.springframework.security.web.PortMapperImpl#0,org.springframework.security.config.authentication.AuthenticationManagerFactoryBean#0,org.springframework.security.authentication.ProviderManager#0,org.springframework.security.web.context.NullSecurityContextRepository#0,org.springframework.security.web.savedrequest.NullRequestCache#0,org.springframework.security.access.vote.AffirmativeBased#0,org.springframework.security.web.access.intercept.FilterSecurityInterceptor#0,org.springframework.security.web.access.DefaultWebInvocationPrivilegeEvaluator#0,org.springframework.security.authentication.AnonymousAuthenticationProvider#0,org.springframework.security.web.authentication.www.BasicAuthenticationEntryPoint#0,org.springframework.security.web.authentication.UsernamePasswordAuthenticationFilter#0,org.springframework.security.userDetailsServiceFactory,org.springframework.security.web.DefaultSecurityFilterChain#0,shaPasswordEncoder,opensrpAuthenticationProvider,org.springframework.security.authentication.DefaultAuthenticationEventPublisher#0,org.springframework.security.authenticationManager,org.springframework.web.servlet.resource.DefaultServletHttpRequestHandler#0,org.springframework.web.servlet.handler.SimpleUrlHandlerMapping#0,org.springframework.web.servlet.handler.BeanNameUrlHandlerMapping,org.springframework.web.servlet.mvc.HttpRequestHandlerAdapter,org.springframework.web.servlet.mvc.SimpleControllerHandlerAdapter,org.springframework.web.servlet.mvc.method.annotation.RequestMappingHandlerMapping#0,org.springframework.format.support.FormattingConversionServiceFactoryBean#0,org.springframework.web.servlet.mvc.method.annotation.RequestMappingHandlerAdapter#0,org.springframework.web.servlet.handler.MappedInterceptor#0,org.springframework.web.servlet.mvc.method.annotation.ExceptionHandlerExceptionResolver#0,org.springframework.web.servlet.mvc.annotation.ResponseStatusExceptionResolver#0,org.springframework.web.servlet.mvc.support.DefaultHandlerExceptionResolver#0,org.springframework.context.annotation.ConfigurationClassPostProcessor$ImportAwareBeanPostProcessor#0,nullChannel,errorChannel,_org.springframework.integration.errorLogger,taskScheduler,org.springframework.integration.config.IdGeneratorConfigurer#0]; root of factory hierarchy
[INFO] Installing D:\opensrpThriveMaster\opensrp-server\opensrp-web\pom.xml to C:\Users\Maimoona\.m2\repository\org\opensrp\opensrp-web\0.1-SNAPSHOT\opensrp-web-0.1-SNAPSHOT.pom
[REPORT] 29032016 01:46:15,545 INFO  [ShutdownMonitor] [HttpClientFactoryBean] Stopping couchDb connector...
[REPORT] 29032016 01:46:15,554 INFO  [ShutdownMonitor] [SchedulerFactoryBean] Shutting down Quartz Scheduler
[INFO] ------------------------------------------------------------------------
[INFO] BUILD SUCCESS
[INFO] ------------------------------------------------------------------------
[INFO] Total time: 02:38 min
[INFO] Finished at: 2016-03-29T01:46:15+05:00
[INFO] Final Memory: 56M/248M
[INFO] ------------------------------------------------------------------------
[REPORT] 29032016 01:46:16,456 INFO  [ShutdownMonitor] [ThreadPoolTaskScheduler] Shutting down ExecutorService 'taskScheduler'
